{"meta": {"format": 3, "version": "7.13.4", "timestamp": "2026-03-03T00:51:44.556586", "branch_coverage": false, "show_contexts": false}, "files": {"src/openclaw/__init__.py": {"executed_lines": [8, 10], "summary": {"covered_lines": 2, "num_statements": 2, "percent_covered": 100.0, "percent_covered_display": "100", "missing_lines": 0, "excluded_lines": 0, "percent_statements_covered": 100.0, "percent_statements_covered_display": "100"}, "missing_lines": [], "excluded_lines": [], "functions": {"": {"executed_lines": [8, 10], "summary": {"covered_lines": 2, "num_statements": 2, "percent_covered": 100.0, "percent_covered_display": "100", "missing_lines": 0, "excluded_lines": 0, "percent_statements_covered": 100.0, "percent_statements_covered_display": "100"}, "missing_lines": [], "excluded_lines": [], "start_line": 1}}, "classes": {"": {"executed_lines": [8, 10], "summary": {"covered_lines": 2, "num_statements": 2, "percent_covered": 100.0, "percent_covered_display": "100", "missing_lines": 0, "excluded_lines": 0, "percent_statements_covered": 100.0, "percent_statements_covered_display": "100"}, "missing_lines": [], "excluded_lines": [], "start_line": 1}}}, "src/openclaw/agent_orchestrator.py": {"executed_lines": [6, 8, 9, 10, 11, 12, 13, 14, 15, 16, 18, 23, 25, 26, 27, 28, 33, 35, 36, 39, 44, 51, 56, 57, 58, 59, 60, 61, 64, 67, 69, 70, 73, 80, 92, 164, 168], "summary": {"covered_lines": 37, "num_statements": 100, "percent_covered": 37.0, "percent_covered_display": "37", "missing_lines": 63, "excluded_lines": 0, "percent_statements_covered": 37.0, "percent_statements_covered_display": "37"}, "missing_lines": [40, 41, 45, 46, 62, 63, 74, 75, 82, 83, 84, 85, 86, 87, 93, 94, 95, 96, 97, 99, 101, 102, 103, 104, 106, 107, 108, 109, 110, 112, 113, 114, 116, 117, 120, 121, 123, 124, 127, 128, 130, 131, 133, 134, 135, 137, 138, 142, 143, 144, 145, 146, 149, 150, 151, 152, 153, 156, 157, 159, 161, 165, 169], "excluded_lines": [], "functions": {"_should_run_now": {"executed_lines": [35, 36], "summary": {"covered_lines": 2, "num_statements": 2, "percent_covered": 100.0, "percent_covered_display": "100", "missing_lines": 0, "excluded_lines": 0, "percent_statements_covered": 100.0, "percent_statements_covered_display": "100"}, "missing_lines": [], "excluded_lines": [], "start_line": 33}, "_is_weekday_twn": {"executed_lines": [], "summary": {"covered_lines": 0, "num_statements": 2, "percent_covered": 0.0, "percent_covered_display": "0", "missing_lines": 2, "excluded_lines": 0, "percent_statements_covered": 0.0, "percent_statements_covered_display": "0"}, "missing_lines": [40, 41], "excluded_lines": [], "start_line": 39}, "_is_monday_twn": {"executed_lines": [], "summary": {"covered_lines": 0, "num_statements": 2, "percent_covered": 0.0, "percent_covered_display": "0", "missing_lines": 2, "excluded_lines": 0, "percent_statements_covered": 0.0, "percent_statements_covered_display": "0"}, "missing_lines": [45, 46], "excluded_lines": [], "start_line": 44}, "_pm_review_just_completed": {"executed_lines": [56, 57, 58, 59, 60, 61, 64], "summary": {"covered_lines": 7, "num_statements": 9, "percent_covered": 77.77777777777777, "percent_covered_display": "78", "missing_lines": 2, "excluded_lines": 0, "percent_statements_covered": 77.77777777777777, "percent_statements_covered_display": "78"}, "missing_lines": [62, 63], "excluded_lines": [], "start_line": 51}, "_watcher_no_fills_3days": {"executed_lines": [69, 70, 73], "summary": {"covered_lines": 3, "num_statements": 5, "percent_covered": 60.0, "percent_covered_display": "60", "missing_lines": 2, "excluded_lines": 0, "percent_statements_covered": 60.0, "percent_statements_covered_display": "60"}, "missing_lines": [74, 75], "excluded_lines": [], "start_line": 67}, "_run_agent": {"executed_lines": [], "summary": {"covered_lines": 0, "num_statements": 6, "percent_covered": 0.0, "percent_covered_display": "0", "missing_lines": 6, "excluded_lines": 0, "percent_statements_covered": 0.0, "percent_statements_covered_display": "0"}, "missing_lines": [82, 83, 84, 85, 86, 87], "excluded_lines": [], "start_line": 80}, "run_orchestrator": {"executed_lines": [], "summary": {"covered_lines": 0, "num_statements": 47, "percent_covered": 0.0, "percent_covered_display": "0", "missing_lines": 47, "excluded_lines": 0, "percent_statements_covered": 0.0, "percent_statements_covered_display": "0"}, "missing_lines": [93, 94, 95, 96, 97, 99, 101, 102, 103, 104, 106, 107, 108, 109, 110, 112, 113, 114, 116, 117, 120, 121, 123, 124, 127, 128, 130, 131, 133, 134, 135, 137, 138, 142, 143, 144, 145, 146, 149, 150, 151, 152, 153, 156, 157, 159, 161], "excluded_lines": [], "start_line": 92}, "main": {"executed_lines": [], "summary": {"covered_lines": 0, "num_statements": 1, "percent_covered": 0.0, "percent_covered_display": "0", "missing_lines": 1, "excluded_lines": 0, "percent_statements_covered": 0.0, "percent_statements_covered_display": "0"}, "missing_lines": [165], "excluded_lines": [], "start_line": 164}, "": {"executed_lines": [6, 8, 9, 10, 11, 12, 13, 14, 15, 16, 18, 23, 25, 26, 27, 28, 33, 39, 44, 51, 67, 80, 92, 164, 168], "summary": {"covered_lines": 25, "num_statements": 26, "percent_covered": 96.15384615384616, "percent_covered_display": "96", "missing_lines": 1, "excluded_lines": 0, "percent_statements_covered": 96.15384615384616, "percent_statements_covered_display": "96"}, "missing_lines": [169], "excluded_lines": [], "start_line": 1}}, "classes": {"": {"executed_lines": [6, 8, 9, 10, 11, 12, 13, 14, 15, 16, 18, 23, 25, 26, 27, 28, 33, 35, 36, 39, 44, 51, 56, 57, 58, 59, 60, 61, 64, 67, 69, 70, 73, 80, 92, 164, 168], "summary": {"covered_lines": 37, "num_statements": 100, "percent_covered": 37.0, "percent_covered_display": "37", "missing_lines": 63, "excluded_lines": 0, "percent_statements_covered": 37.0, "percent_statements_covered_display": "37"}, "missing_lines": [40, 41, 45, 46, 62, 63, 74, 75, 82, 83, 84, 85, 86, 87, 93, 94, 95, 96, 97, 99, 101, 102, 103, 104, 106, 107, 108, 109, 110, 112, 113, 114, 116, 117, 120, 121, 123, 124, 127, 128, 130, 131, 133, 134, 135, 137, 138, 142, 143, 144, 145, 146, 149, 150, 151, 152, 153, 156, 157, 159, 161, 165, 169], "excluded_lines": [], "start_line": 1}}}, "src/openclaw/agents/__init__.py": {"executed_lines": [], "summary": {"covered_lines": 0, "num_statements": 0, "percent_covered": 100.0, "percent_covered_display": "100", "missing_lines": 0, "excluded_lines": 0, "percent_statements_covered": 100.0, "percent_statements_covered_display": "100"}, "missing_lines": [], "excluded_lines": [], "functions": {"": {"executed_lines": [], "summary": {"covered_lines": 0, "num_statements": 0, "percent_covered": 100.0, "percent_covered_display": "100", "missing_lines": 0, "excluded_lines": 0, "percent_statements_covered": 100.0, "percent_statements_covered_display": "100"}, "missing_lines": [], "excluded_lines": [], "start_line": 1}}, "classes": {"": {"executed_lines": [], "summary": {"covered_lines": 0, "num_statements": 0, "percent_covered": 100.0, "percent_covered_display": "100", "missing_lines": 0, "excluded_lines": 0, "percent_statements_covered": 100.0, "percent_statements_covered_display": "100"}, "missing_lines": [], "excluded_lines": [], "start_line": 1}}}, "src/openclaw/agents/base.py": {"executed_lines": [2, 4, 5, 6, 7, 8, 9, 10, 11, 13, 14, 16, 17, 20, 21, 24, 25, 26, 27, 28, 29, 32, 34, 35, 38, 43, 44, 45, 46, 55, 63, 82, 85, 98, 99, 105, 118, 119, 122, 123, 124, 125, 126, 127, 128, 131, 132], "summary": {"covered_lines": 47, "num_statements": 47, "percent_covered": 100.0, "percent_covered_display": "100", "missing_lines": 0, "excluded_lines": 0, "percent_statements_covered": 100.0, "percent_statements_covered_display": "100"}, "missing_lines": [], "excluded_lines": [], "functions": {"open_conn": {"executed_lines": [25, 26, 27, 28, 29], "summary": {"covered_lines": 5, "num_statements": 5, "percent_covered": 100.0, "percent_covered_display": "100", "missing_lines": 0, "excluded_lines": 0, "percent_statements_covered": 100.0, "percent_statements_covered_display": "100"}, "missing_lines": [], "excluded_lines": [], "start_line": 24}, "query_db": {"executed_lines": [34, 35], "summary": {"covered_lines": 2, "num_statements": 2, "percent_covered": 100.0, "percent_covered_display": "100", "missing_lines": 0, "excluded_lines": 0, "percent_statements_covered": 100.0, "percent_statements_covered_display": "100"}, "missing_lines": [], "excluded_lines": [], "start_line": 32}, "call_agent_llm": {"executed_lines": [43, 44, 45, 46], "summary": {"covered_lines": 4, "num_statements": 4, "percent_covered": 100.0, "percent_covered_display": "100", "missing_lines": 0, "excluded_lines": 0, "percent_statements_covered": 100.0, "percent_statements_covered_display": "100"}, "missing_lines": [], "excluded_lines": [], "start_line": 38}, "write_trace": {"executed_lines": [63, 82], "summary": {"covered_lines": 2, "num_statements": 2, "percent_covered": 100.0, "percent_covered_display": "100", "missing_lines": 0, "excluded_lines": 0, "percent_statements_covered": 100.0, "percent_statements_covered_display": "100"}, "missing_lines": [], "excluded_lines": [], "start_line": 55}, "write_proposal": {"executed_lines": [98, 99, 105, 118, 119], "summary": {"covered_lines": 5, "num_statements": 5, "percent_covered": 100.0, "percent_covered_display": "100", "missing_lines": 0, "excluded_lines": 0, "percent_statements_covered": 100.0, "percent_statements_covered_display": "100"}, "missing_lines": [], "excluded_lines": [], "start_line": 85}, "to_agent_result": {"executed_lines": [132], "summary": {"covered_lines": 1, "num_statements": 1, "percent_covered": 100.0, "percent_covered_display": "100", "missing_lines": 0, "excluded_lines": 0, "percent_statements_covered": 100.0, "percent_statements_covered_display": "100"}, "missing_lines": [], "excluded_lines": [], "start_line": 131}, "": {"executed_lines": [2, 4, 5, 6, 7, 8, 9, 10, 11, 13, 14, 16, 17, 20, 21, 24, 32, 38, 55, 85, 122, 123, 124, 125, 126, 127, 128, 131], "summary": {"covered_lines": 28, "num_statements": 28, "percent_covered": 100.0, "percent_covered_display": "100", "missing_lines": 0, "excluded_lines": 0, "percent_statements_covered": 100.0, "percent_statements_covered_display": "100"}, "missing_lines": [], "excluded_lines": [], "start_line": 1}}, "classes": {"AgentResult": {"executed_lines": [], "summary": {"covered_lines": 0, "num_statements": 0, "percent_covered": 100.0, "percent_covered_display": "100", "missing_lines": 0, "excluded_lines": 0, "percent_statements_covered": 100.0, "percent_statements_covered_display": "100"}, "missing_lines": [], "excluded_lines": [], "start_line": 123}, "": {"executed_lines": [2, 4, 5, 6, 7, 8, 9, 10, 11, 13, 14, 16, 17, 20, 21, 24, 25, 26, 27, 28, 29, 32, 34, 35, 38, 43, 44, 45, 46, 55, 63, 82, 85, 98, 99, 105, 118, 119, 122, 123, 124, 125, 126, 127, 128, 131, 132], "summary": {"covered_lines": 47, "num_statements": 47, "percent_covered": 100.0, "percent_covered_display": "100", "missing_lines": 0, "excluded_lines": 0, "percent_statements_covered": 100.0, "percent_statements_covered_display": "100"}, "missing_lines": [], "excluded_lines": [], "start_line": 1}}}, "src/openclaw/agents/market_research.py": {"executed_lines": [6, 8, 9, 10, 11, 13, 18, 20, 58, 63, 64, 65, 67, 68, 75, 83, 89, 90, 92, 93, 94, 104, 106, 107], "summary": {"covered_lines": 24, "num_statements": 24, "percent_covered": 100.0, "percent_covered_display": "100", "missing_lines": 0, "excluded_lines": 0, "percent_statements_covered": 100.0, "percent_statements_covered_display": "100"}, "missing_lines": [], "excluded_lines": [], "functions": {"run_market_research": {"executed_lines": [63, 64, 65, 67, 68, 75, 83, 89, 90, 92, 93, 94, 104, 106, 107], "summary": {"covered_lines": 15, "num_statements": 15, "percent_covered": 100.0, "percent_covered_display": "100", "missing_lines": 0, "excluded_lines": 0, "percent_statements_covered": 100.0, "percent_statements_covered_display": "100"}, "missing_lines": [], "excluded_lines": [], "start_line": 58}, "": {"executed_lines": [6, 8, 9, 10, 11, 13, 18, 20, 58], "summary": {"covered_lines": 9, "num_statements": 9, "percent_covered": 100.0, "percent_covered_display": "100", "missing_lines": 0, "excluded_lines": 0, "percent_statements_covered": 100.0, "percent_statements_covered_display": "100"}, "missing_lines": [], "excluded_lines": [], "start_line": 1}}, "classes": {"": {"executed_lines": [6, 8, 9, 10, 11, 13, 18, 20, 58, 63, 64, 65, 67, 68, 75, 83, 89, 90, 92, 93, 94, 104, 106, 107], "summary": {"covered_lines": 24, "num_statements": 24, "percent_covered": 100.0, "percent_covered_display": "100", "missing_lines": 0, "excluded_lines": 0, "percent_statements_covered": 100.0, "percent_statements_covered_display": "100"}, "missing_lines": [], "excluded_lines": [], "start_line": 1}}}, "src/openclaw/agents/portfolio_review.py": {"executed_lines": [6, 8, 9, 10, 11, 13, 18, 20, 61, 66, 67, 68, 70, 71, 73, 77, 83, 90, 91, 93, 94, 95, 105, 107, 108], "summary": {"covered_lines": 25, "num_statements": 25, "percent_covered": 100.0, "percent_covered_display": "100", "missing_lines": 0, "excluded_lines": 0, "percent_statements_covered": 100.0, "percent_statements_covered_display": "100"}, "missing_lines": [], "excluded_lines": [], "functions": {"run_portfolio_review": {"executed_lines": [66, 67, 68, 70, 71, 73, 77, 83, 90, 91, 93, 94, 95, 105, 107, 108], "summary": {"covered_lines": 16, "num_statements": 16, "percent_covered": 100.0, "percent_covered_display": "100", "missing_lines": 0, "excluded_lines": 0, "percent_statements_covered": 100.0, "percent_statements_covered_display": "100"}, "missing_lines": [], "excluded_lines": [], "start_line": 61}, "": {"executed_lines": [6, 8, 9, 10, 11, 13, 18, 20, 61], "summary": {"covered_lines": 9, "num_statements": 9, "percent_covered": 100.0, "percent_covered_display": "100", "missing_lines": 0, "excluded_lines": 0, "percent_statements_covered": 100.0, "percent_statements_covered_display": "100"}, "missing_lines": [], "excluded_lines": [], "start_line": 1}}, "classes": {"": {"executed_lines": [6, 8, 9, 10, 11, 13, 18, 20, 61, 66, 67, 68, 70, 71, 73, 77, 83, 90, 91, 93, 94, 95, 105, 107, 108], "summary": {"covered_lines": 25, "num_statements": 25, "percent_covered": 100.0, "percent_covered_display": "100", "missing_lines": 0, "excluded_lines": 0, "percent_statements_covered": 100.0, "percent_statements_covered_display": "100"}, "missing_lines": [], "excluded_lines": [], "start_line": 1}}}, "src/openclaw/agents/strategy_committee.py": {"executed_lines": [6, 8, 9, 10, 11, 13, 18, 20, 31, 45, 79, 83, 84, 86, 88, 90, 93, 96, 97, 98, 101, 102, 105, 107, 108, 111, 112, 115, 119, 120, 124, 125, 126, 137, 139, 140], "summary": {"covered_lines": 36, "num_statements": 36, "percent_covered": 100.0, "percent_covered_display": "100", "missing_lines": 0, "excluded_lines": 0, "percent_statements_covered": 100.0, "percent_statements_covered_display": "100"}, "missing_lines": [], "excluded_lines": [], "functions": {"run_strategy_committee": {"executed_lines": [83, 84, 86, 88, 90, 93, 96, 97, 98, 101, 102, 105, 107, 108, 111, 112, 115, 119, 120, 124, 125, 126, 137, 139, 140], "summary": {"covered_lines": 25, "num_statements": 25, "percent_covered": 100.0, "percent_covered_display": "100", "missing_lines": 0, "excluded_lines": 0, "percent_statements_covered": 100.0, "percent_statements_covered_display": "100"}, "missing_lines": [], "excluded_lines": [], "start_line": 79}, "": {"executed_lines": [6, 8, 9, 10, 11, 13, 18, 20, 31, 45, 79], "summary": {"covered_lines": 11, "num_statements": 11, "percent_covered": 100.0, "percent_covered_display": "100", "missing_lines": 0, "excluded_lines": 0, "percent_statements_covered": 100.0, "percent_statements_covered_display": "100"}, "missing_lines": [], "excluded_lines": [], "start_line": 1}}, "classes": {"": {"executed_lines": [6, 8, 9, 10, 11, 13, 18, 20, 31, 45, 79, 83, 84, 86, 88, 90, 93, 96, 97, 98, 101, 102, 105, 107, 108, 111, 112, 115, 119, 120, 124, 125, 126, 137, 139, 140], "summary": {"covered_lines": 36, "num_statements": 36, "percent_covered": 100.0, "percent_covered_display": "100", "missing_lines": 0, "excluded_lines": 0, "percent_statements_covered": 100.0, "percent_statements_covered_display": "100"}, "missing_lines": [], "excluded_lines": [], "start_line": 1}}}, "src/openclaw/agents/system_health.py": {"executed_lines": [6, 8, 9, 10, 11, 12, 14, 19, 21, 56, 57, 58, 62, 63, 64, 67, 68, 69, 73, 74, 75, 78, 79, 80, 84, 85, 86, 89, 93, 94, 95, 96, 97, 99, 106, 107, 108, 110, 111], "summary": {"covered_lines": 39, "num_statements": 39, "percent_covered": 100.0, "percent_covered_display": "100", "missing_lines": 0, "excluded_lines": 0, "percent_statements_covered": 100.0, "percent_statements_covered_display": "100"}, "missing_lines": [], "excluded_lines": [], "functions": {"_get_pm2_status": {"executed_lines": [57, 58, 62, 63, 64], "summary": {"covered_lines": 5, "num_statements": 5, "percent_covered": 100.0, "percent_covered_display": "100", "missing_lines": 0, "excluded_lines": 0, "percent_statements_covered": 100.0, "percent_statements_covered_display": "100"}, "missing_lines": [], "excluded_lines": [], "start_line": 56}, "_get_disk_info": {"executed_lines": [68, 69, 73, 74, 75], "summary": {"covered_lines": 5, "num_statements": 5, "percent_covered": 100.0, "percent_covered_display": "100", "missing_lines": 0, "excluded_lines": 0, "percent_statements_covered": 100.0, "percent_statements_covered_display": "100"}, "missing_lines": [], "excluded_lines": [], "start_line": 67}, "_get_watcher_recent_count": {"executed_lines": [79, 80, 84, 85, 86], "summary": {"covered_lines": 5, "num_statements": 5, "percent_covered": 100.0, "percent_covered_display": "100", "missing_lines": 0, "excluded_lines": 0, "percent_statements_covered": 100.0, "percent_statements_covered_display": "100"}, "missing_lines": [], "excluded_lines": [], "start_line": 78}, "run_system_health": {"executed_lines": [93, 94, 95, 96, 97, 99, 106, 107, 108, 110, 111], "summary": {"covered_lines": 11, "num_statements": 11, "percent_covered": 100.0, "percent_covered_display": "100", "missing_lines": 0, "excluded_lines": 0, "percent_statements_covered": 100.0, "percent_statements_covered_display": "100"}, "missing_lines": [], "excluded_lines": [], "start_line": 89}, "": {"executed_lines": [6, 8, 9, 10, 11, 12, 14, 19, 21, 56, 67, 78, 89], "summary": {"covered_lines": 13, "num_statements": 13, "percent_covered": 100.0, "percent_covered_display": "100", "missing_lines": 0, "excluded_lines": 0, "percent_statements_covered": 100.0, "percent_statements_covered_display": "100"}, "missing_lines": [], "excluded_lines": [], "start_line": 1}}, "classes": {"": {"executed_lines": [6, 8, 9, 10, 11, 12, 14, 19, 21, 56, 57, 58, 62, 63, 64, 67, 68, 69, 73, 74, 75, 78, 79, 80, 84, 85, 86, 89, 93, 94, 95, 96, 97, 99, 106, 107, 108, 110, 111], "summary": {"covered_lines": 39, "num_statements": 39, "percent_covered": 100.0, "percent_covered_display": "100", "missing_lines": 0, "excluded_lines": 0, "percent_statements_covered": 100.0, "percent_statements_covered_display": "100"}, "missing_lines": [], "excluded_lines": [], "start_line": 1}}}, "src/openclaw/agents/system_optimization.py": {"executed_lines": [6, 8, 9, 10, 11, 12, 14, 19, 22, 23, 24, 26, 63, 67, 68, 70, 71, 75, 81, 90, 91, 94, 95, 96, 107, 109, 110], "summary": {"covered_lines": 27, "num_statements": 27, "percent_covered": 100.0, "percent_covered_display": "100", "missing_lines": 0, "excluded_lines": 0, "percent_statements_covered": 100.0, "percent_statements_covered_display": "100"}, "missing_lines": [], "excluded_lines": [], "functions": {"run_system_optimization": {"executed_lines": [67, 68, 70, 71, 75, 81, 90, 91, 94, 95, 96, 107, 109, 110], "summary": {"covered_lines": 14, "num_statements": 14, "percent_covered": 100.0, "percent_covered_display": "100", "missing_lines": 0, "excluded_lines": 0, "percent_statements_covered": 100.0, "percent_statements_covered_display": "100"}, "missing_lines": [], "excluded_lines": [], "start_line": 63}, "": {"executed_lines": [6, 8, 9, 10, 11, 12, 14, 19, 22, 23, 24, 26, 63], "summary": {"covered_lines": 13, "num_statements": 13, "percent_covered": 100.0, "percent_covered_display": "100", "missing_lines": 0, "excluded_lines": 0, "percent_statements_covered": 100.0, "percent_statements_covered_display": "100"}, "missing_lines": [], "excluded_lines": [], "start_line": 1}}, "classes": {"": {"executed_lines": [6, 8, 9, 10, 11, 12, 14, 19, 22, 23, 24, 26, 63, 67, 68, 70, 71, 75, 81, 90, 91, 94, 95, 96, 107, 109, 110], "summary": {"covered_lines": 27, "num_statements": 27, "percent_covered": 100.0, "percent_covered_display": "100", "missing_lines": 0, "excluded_lines": 0, "percent_statements_covered": 100.0, "percent_statements_covered_display": "100"}, "missing_lines": [], "excluded_lines": [], "start_line": 1}}}, "src/openclaw/audit_store.py": {"executed_lines": [1, 3, 4, 5, 6, 9, 20, 21, 28, 29, 30, 33, 45, 46, 53, 54, 55], "summary": {"covered_lines": 17, "num_statements": 17, "percent_covered": 100.0, "percent_covered_display": "100", "missing_lines": 0, "excluded_lines": 0, "percent_statements_covered": 100.0, "percent_statements_covered_display": "100"}, "missing_lines": [], "excluded_lines": [], "functions": {"insert_risk_check": {"executed_lines": [20, 21, 28, 29, 30], "summary": {"covered_lines": 5, "num_statements": 5, "percent_covered": 100.0, "percent_covered_display": "100", "missing_lines": 0, "excluded_lines": 0, "percent_statements_covered": 100.0, "percent_statements_covered_display": "100"}, "missing_lines": [], "excluded_lines": [], "start_line": 9}, "insert_incident": {"executed_lines": [45, 46, 53, 54, 55], "summary": {"covered_lines": 5, "num_statements": 5, "percent_covered": 100.0, "percent_covered_display": "100", "missing_lines": 0, "excluded_lines": 0, "percent_statements_covered": 100.0, "percent_statements_covered_display": "100"}, "missing_lines": [], "excluded_lines": [], "start_line": 33}, "": {"executed_lines": [1, 3, 4, 5, 6, 9, 33], "summary": {"covered_lines": 7, "num_statements": 7, "percent_covered": 100.0, "percent_covered_display": "100", "missing_lines": 0, "excluded_lines": 0, "percent_statements_covered": 100.0, "percent_statements_covered_display": "100"}, "missing_lines": [], "excluded_lines": [], "start_line": 1}}, "classes": {"": {"executed_lines": [1, 3, 4, 5, 6, 9, 20, 21, 28, 29, 30, 33, 45, 46, 53, 54, 55], "summary": {"covered_lines": 17, "num_statements": 17, "percent_covered": 100.0, "percent_covered_display": "100", "missing_lines": 0, "excluded_lines": 0, "percent_statements_covered": 100.0, "percent_statements_covered_display": "100"}, "missing_lines": [], "excluded_lines": [], "start_line": 1}}}, "src/openclaw/authority.py": {"executed_lines": [6, 8, 9, 10, 11, 12, 15, 17, 18, 19, 20, 25, 35, 38, 40, 42, 44, 46, 48, 49, 51, 54, 56, 59, 63, 65, 67, 68, 69, 70, 71, 73, 75, 79, 80, 82, 83, 84, 86, 87, 89, 92, 93, 102, 110, 111, 112, 113, 114, 116, 118, 120, 121, 123, 131, 133, 134, 136, 137, 139, 141, 154, 157, 158, 167, 170, 171, 180, 188, 190, 191, 193, 196, 197, 199, 209, 220, 222, 230, 231, 233, 236, 238, 242, 251, 252, 254, 256, 257, 259, 260, 261, 263, 265, 268, 280, 292, 306, 318, 322, 324, 325, 328, 329, 330, 333, 334, 335, 336, 337, 338], "summary": {"covered_lines": 111, "num_statements": 111, "percent_covered": 100.0, "percent_covered_display": "100", "missing_lines": 0, "excluded_lines": 0, "percent_statements_covered": 100.0, "percent_statements_covered_display": "100"}, "missing_lines": [], "excluded_lines": [], "functions": {"AuthorityEngine.__init__": {"executed_lines": [40], "summary": {"covered_lines": 1, "num_statements": 1, "percent_covered": 100.0, "percent_covered_display": "100", "missing_lines": 0, "excluded_lines": 0, "percent_statements_covered": 100.0, "percent_statements_covered_display": "100"}, "missing_lines": [], "excluded_lines": [], "start_line": 38}, "AuthorityEngine._get_conn": {"executed_lines": [44], "summary": {"covered_lines": 1, "num_statements": 1, "percent_covered": 100.0, "percent_covered_display": "100", "missing_lines": 0, "excluded_lines": 0, "percent_statements_covered": 100.0, "percent_statements_covered_display": "100"}, "missing_lines": [], "excluded_lines": [], "start_line": 42}, "AuthorityEngine.get_current_level": {"executed_lines": [48, 49, 51, 54, 56, 59, 63, 65, 67, 68, 69, 70, 71, 73], "summary": {"covered_lines": 14, "num_statements": 14, "percent_covered": 100.0, "percent_covered_display": "100", "missing_lines": 0, "excluded_lines": 0, "percent_statements_covered": 100.0, "percent_statements_covered_display": "100"}, "missing_lines": [], "excluded_lines": [], "start_line": 46}, "AuthorityEngine.set_level": {"executed_lines": [79, 80, 82, 83, 84, 86, 87, 89, 92, 93, 102, 110, 111, 112, 113, 114, 116], "summary": {"covered_lines": 17, "num_statements": 17, "percent_covered": 100.0, "percent_covered_display": "100", "missing_lines": 0, "excluded_lines": 0, "percent_statements_covered": 100.0, "percent_statements_covered_display": "100"}, "missing_lines": [], "excluded_lines": [], "start_line": 75}, "AuthorityEngine.can_propose": {"executed_lines": [120, 121], "summary": {"covered_lines": 2, "num_statements": 2, "percent_covered": 100.0, "percent_covered_display": "100", "missing_lines": 0, "excluded_lines": 0, "percent_statements_covered": 100.0, "percent_statements_covered_display": "100"}, "missing_lines": [], "excluded_lines": [], "start_line": 118}, "AuthorityEngine.can_auto_approve": {"executed_lines": [131, 133, 134, 136, 137, 139], "summary": {"covered_lines": 6, "num_statements": 6, "percent_covered": 100.0, "percent_covered_display": "100", "missing_lines": 0, "excluded_lines": 0, "percent_statements_covered": 100.0, "percent_statements_covered_display": "100"}, "missing_lines": [], "excluded_lines": [], "start_line": 123}, "AuthorityEngine.check_proposal_authorization": {"executed_lines": [154, 157, 158, 167, 170, 171, 180], "summary": {"covered_lines": 7, "num_statements": 7, "percent_covered": 100.0, "percent_covered_display": "100", "missing_lines": 0, "excluded_lines": 0, "percent_statements_covered": 100.0, "percent_statements_covered_display": "100"}, "missing_lines": [], "excluded_lines": [], "start_line": 141}, "AuthorityEngine.get_audit_log": {"executed_lines": [190, 191, 193, 196, 197, 199, 209, 220], "summary": {"covered_lines": 8, "num_statements": 8, "percent_covered": 100.0, "percent_covered_display": "100", "missing_lines": 0, "excluded_lines": 0, "percent_statements_covered": 100.0, "percent_statements_covered_display": "100"}, "missing_lines": [], "excluded_lines": [], "start_line": 188}, "AuthorityEngine.check_compliance_complete": {"executed_lines": [230, 231, 233, 236, 238, 242, 251, 252, 254, 256, 257, 259, 260, 261, 263], "summary": {"covered_lines": 15, "num_statements": 15, "percent_covered": 100.0, "percent_covered_display": "100", "missing_lines": 0, "excluded_lines": 0, "percent_statements_covered": 100.0, "percent_statements_covered_display": "100"}, "missing_lines": [], "excluded_lines": [], "start_line": 222}, "AuthorityEngine._ensure_table_exists": {"executed_lines": [268, 280, 292, 306, 318], "summary": {"covered_lines": 5, "num_statements": 5, "percent_covered": 100.0, "percent_covered_display": "100", "missing_lines": 0, "excluded_lines": 0, "percent_statements_covered": 100.0, "percent_statements_covered_display": "100"}, "missing_lines": [], "excluded_lines": [], "start_line": 265}, "get_authority_level": {"executed_lines": [324, 325], "summary": {"covered_lines": 2, "num_statements": 2, "percent_covered": 100.0, "percent_covered_display": "100", "missing_lines": 0, "excluded_lines": 0, "percent_statements_covered": 100.0, "percent_statements_covered_display": "100"}, "missing_lines": [], "excluded_lines": [], "start_line": 322}, "": {"executed_lines": [6, 8, 9, 10, 11, 12, 15, 17, 18, 19, 20, 25, 35, 38, 42, 46, 75, 118, 123, 141, 188, 222, 265, 322, 328, 329, 330, 333, 334, 335, 336, 337, 338], "summary": {"covered_lines": 33, "num_statements": 33, "percent_covered": 100.0, "percent_covered_display": "100", "missing_lines": 0, "excluded_lines": 0, "percent_statements_covered": 100.0, "percent_statements_covered_display": "100"}, "missing_lines": [], "excluded_lines": [], "start_line": 1}}, "classes": {"AuthorityLevel": {"executed_lines": [], "summary": {"covered_lines": 0, "num_statements": 0, "percent_covered": 100.0, "percent_covered_display": "100", "missing_lines": 0, "excluded_lines": 0, "percent_statements_covered": 100.0, "percent_statements_covered_display": "100"}, "missing_lines": [], "excluded_lines": [], "start_line": 15}, "AuthorityEngine": {"executed_lines": [40, 44, 48, 49, 51, 54, 56, 59, 63, 65, 67, 68, 69, 70, 71, 73, 79, 80, 82, 83, 84, 86, 87, 89, 92, 93, 102, 110, 111, 112, 113, 114, 116, 120, 121, 131, 133, 134, 136, 137, 139, 154, 157, 158, 167, 170, 171, 180, 190, 191, 193, 196, 197, 199, 209, 220, 230, 231, 233, 236, 238, 242, 251, 252, 254, 256, 257, 259, 260, 261, 263, 268, 280, 292, 306, 318], "summary": {"covered_lines": 76, "num_statements": 76, "percent_covered": 100.0, "percent_covered_display": "100", "missing_lines": 0, "excluded_lines": 0, "percent_statements_covered": 100.0, "percent_statements_covered_display": "100"}, "missing_lines": [], "excluded_lines": [], "start_line": 35}, "": {"executed_lines": [6, 8, 9, 10, 11, 12, 15, 17, 18, 19, 20, 25, 35, 38, 42, 46, 75, 118, 123, 141, 188, 222, 265, 322, 324, 325, 328, 329, 330, 333, 334, 335, 336, 337, 338], "summary": {"covered_lines": 35, "num_statements": 35, "percent_covered": 100.0, "percent_covered_display": "100", "missing_lines": 0, "excluded_lines": 0, "percent_statements_covered": 100.0, "percent_statements_covered_display": "100"}, "missing_lines": [], "excluded_lines": [], "start_line": 1}}}, "src/openclaw/bootstrap_and_dry_run.py": {"executed_lines": [], "summary": {"covered_lines": 0, "num_statements": 86, "percent_covered": 0.0, "percent_covered_display": "0", "missing_lines": 86, "excluded_lines": 0, "percent_statements_covered": 0.0, "percent_statements_covered_display": "0"}, "missing_lines": [1, 3, 4, 5, 6, 7, 8, 9, 11, 12, 13, 16, 17, 18, 19, 22, 23, 31, 39, 46, 49, 50, 51, 60, 70, 71, 78, 85, 98, 109, 121, 152, 156, 162, 163, 166, 167, 168, 169, 170, 171, 172, 173, 174, 175, 178, 179, 193, 194, 195, 196, 197, 200, 201, 202, 203, 204, 206, 209, 211, 212, 213, 214, 215, 216, 218, 219, 220, 221, 222, 224, 226, 227, 228, 229, 230, 232, 239, 240, 241, 242, 244, 245, 246, 249, 250], "excluded_lines": [], "functions": {"_apply_sql_file": {"executed_lines": [], "summary": {"covered_lines": 0, "num_statements": 3, "percent_covered": 0.0, "percent_covered_display": "0", "missing_lines": 3, "excluded_lines": 0, "percent_statements_covered": 0.0, "percent_statements_covered_display": "0"}, "missing_lines": [17, 18, 19], "excluded_lines": [], "start_line": 16}, "_seed_runtime_rows": {"executed_lines": [], "summary": {"covered_lines": 0, "num_statements": 4, "percent_covered": 0.0, "percent_covered_display": "0", "missing_lines": 4, "excluded_lines": 0, "percent_statements_covered": 0.0, "percent_statements_covered_display": "0"}, "missing_lines": [23, 31, 39, 46], "excluded_lines": [], "start_line": 22}, "_mock_llm_call": {"executed_lines": [], "summary": {"covered_lines": 0, "num_statements": 3, "percent_covered": 0.0, "percent_covered_display": "0", "missing_lines": 3, "excluded_lines": 0, "percent_statements_covered": 0.0, "percent_statements_covered_display": "0"}, "missing_lines": [50, 51, 60], "excluded_lines": [], "start_line": 49}, "run_pipeline_demo": {"executed_lines": [], "summary": {"covered_lines": 0, "num_statements": 10, "percent_covered": 0.0, "percent_covered_display": "0", "missing_lines": 10, "excluded_lines": 0, "percent_statements_covered": 0.0, "percent_statements_covered_display": "0"}, "missing_lines": [71, 78, 85, 98, 109, 121, 152, 156, 162, 163], "excluded_lines": [], "start_line": 70}, "run_main_dry": {"executed_lines": [], "summary": {"covered_lines": 0, "num_statements": 9, "percent_covered": 0.0, "percent_covered_display": "0", "missing_lines": 9, "excluded_lines": 0, "percent_statements_covered": 0.0, "percent_statements_covered_display": "0"}, "missing_lines": [167, 168, 169, 170, 171, 172, 173, 174, 175], "excluded_lines": [], "start_line": 166}, "print_summary": {"executed_lines": [], "summary": {"covered_lines": 0, "num_statements": 6, "percent_covered": 0.0, "percent_covered_display": "0", "missing_lines": 6, "excluded_lines": 0, "percent_statements_covered": 0.0, "percent_statements_covered_display": "0"}, "missing_lines": [179, 193, 194, 195, 196, 197], "excluded_lines": [], "start_line": 178}, "main": {"executed_lines": [], "summary": {"covered_lines": 0, "num_statements": 31, "percent_covered": 0.0, "percent_covered_display": "0", "missing_lines": 31, "excluded_lines": 0, "percent_statements_covered": 0.0, "percent_statements_covered_display": "0"}, "missing_lines": [201, 202, 203, 204, 206, 209, 211, 212, 213, 214, 215, 216, 218, 219, 220, 221, 222, 224, 226, 227, 228, 229, 230, 232, 239, 240, 241, 242, 244, 245, 246], "excluded_lines": [], "start_line": 200}, "": {"executed_lines": [], "summary": {"covered_lines": 0, "num_statements": 20, "percent_covered": 0.0, "percent_covered_display": "0", "missing_lines": 20, "excluded_lines": 0, "percent_statements_covered": 0.0, "percent_statements_covered_display": "0"}, "missing_lines": [1, 3, 4, 5, 6, 7, 8, 9, 11, 12, 13, 16, 22, 49, 70, 166, 178, 200, 249, 250], "excluded_lines": [], "start_line": 1}}, "classes": {"": {"executed_lines": [], "summary": {"covered_lines": 0, "num_statements": 86, "percent_covered": 0.0, "percent_covered_display": "0", "missing_lines": 86, "excluded_lines": 0, "percent_statements_covered": 0.0, "percent_statements_covered_display": "0"}, "missing_lines": [1, 3, 4, 5, 6, 7, 8, 9, 11, 12, 13, 16, 17, 18, 19, 22, 23, 31, 39, 46, 49, 50, 51, 60, 70, 71, 78, 85, 98, 109, 121, 152, 156, 162, 163, 166, 167, 168, 169, 170, 171, 172, 173, 174, 175, 178, 179, 193, 194, 195, 196, 197, 200, 201, 202, 203, 204, 206, 209, 211, 212, 213, 214, 215, 216, 218, 219, 220, 221, 222, 224, 226, 227, 228, 229, 230, 232, 239, 240, 241, 242, 244, 245, 246, 249, 250], "excluded_lines": [], "start_line": 1}}}, "src/openclaw/broker.py": {"executed_lines": [1, 3, 4, 5, 6, 8, 11, 12, 13, 14, 15, 16, 19, 20, 21, 22, 23, 24, 25, 28, 29, 30, 31, 32, 33, 34, 35, 36, 37, 40, 51, 55, 56, 57, 59, 60, 61, 67, 68, 70, 71, 72, 73, 74, 75, 80, 81, 82, 83, 84, 92, 101, 102, 103, 104, 110, 111, 114, 118, 119, 121, 133, 134, 136, 138, 140, 142, 144, 145, 146, 147, 151, 157, 171, 203, 234, 258, 271, 272, 273, 274, 275], "summary": {"covered_lines": 82, "num_statements": 145, "percent_covered": 56.55172413793103, "percent_covered_display": "57", "missing_lines": 63, "excluded_lines": 10, "percent_statements_covered": 56.55172413793103, "percent_statements_covered_display": "57"}, "missing_lines": [137, 139, 141, 143, 148, 165, 166, 167, 168, 169, 172, 174, 184, 185, 187, 188, 189, 193, 194, 195, 196, 207, 208, 209, 210, 212, 213, 214, 215, 216, 217, 225, 226, 227, 235, 236, 237, 238, 244, 245, 249, 250, 251, 259, 260, 261, 262, 263, 264, 265, 266, 267, 268, 276, 277, 278, 279, 280, 281, 282, 283, 284, 285], "excluded_lines": [41, 42, 43, 44, 45, 46, 47, 48, 49, 50], "functions": {"BrokerAdapter.submit_order": {"executed_lines": [], "summary": {"covered_lines": 0, "num_statements": 0, "percent_covered": 100.0, "percent_covered_display": "100", "missing_lines": 0, "excluded_lines": 1, "percent_statements_covered": 100.0, "percent_statements_covered_display": "100"}, "missing_lines": [], "excluded_lines": [42], "start_line": 41}, "BrokerAdapter.poll_order_status": {"executed_lines": [], "summary": {"covered_lines": 0, "num_statements": 0, "percent_covered": 100.0, "percent_covered_display": "100", "missing_lines": 0, "excluded_lines": 1, "percent_statements_covered": 100.0, "percent_statements_covered_display": "100"}, "missing_lines": [], "excluded_lines": [45], "start_line": 44}, "BrokerAdapter.cancel_order": {"executed_lines": [], "summary": {"covered_lines": 0, "num_statements": 0, "percent_covered": 100.0, "percent_covered_display": "100", "missing_lines": 0, "excluded_lines": 1, "percent_statements_covered": 100.0, "percent_statements_covered_display": "100"}, "missing_lines": [], "excluded_lines": [48], "start_line": 47}, "SimBrokerAdapter.__init__": {"executed_lines": [56, 57], "summary": {"covered_lines": 2, "num_statements": 2, "percent_covered": 100.0, "percent_covered_display": "100", "missing_lines": 0, "excluded_lines": 0, "percent_statements_covered": 100.0, "percent_statements_covered_display": "100"}, "missing_lines": [], "excluded_lines": [], "start_line": 55}, "SimBrokerAdapter.submit_order": {"executed_lines": [60, 61, 67, 68], "summary": {"covered_lines": 4, "num_statements": 4, "percent_covered": 100.0, "percent_covered_display": "100", "missing_lines": 0, "excluded_lines": 0, "percent_statements_covered": 100.0, "percent_statements_covered_display": "100"}, "missing_lines": [], "excluded_lines": [], "start_line": 59}, "SimBrokerAdapter.poll_order_status": {"executed_lines": [71, 72, 73, 74, 75, 80, 81, 82, 83, 84, 92], "summary": {"covered_lines": 11, "num_statements": 11, "percent_covered": 100.0, "percent_covered_display": "100", "missing_lines": 0, "excluded_lines": 0, "percent_statements_covered": 100.0, "percent_statements_covered_display": "100"}, "missing_lines": [], "excluded_lines": [], "start_line": 70}, "SimBrokerAdapter.cancel_order": {"executed_lines": [102, 103, 104, 110, 111], "summary": {"covered_lines": 5, "num_statements": 5, "percent_covered": 100.0, "percent_covered_display": "100", "missing_lines": 0, "excluded_lines": 0, "percent_statements_covered": 100.0, "percent_statements_covered_display": "100"}, "missing_lines": [], "excluded_lines": [], "start_line": 101}, "map_shioaji_error_to_reason_code": {"executed_lines": [118, 119, 121, 133, 134, 136, 138, 140, 142, 144, 145, 146, 147], "summary": {"covered_lines": 13, "num_statements": 18, "percent_covered": 72.22222222222223, "percent_covered_display": "72", "missing_lines": 5, "excluded_lines": 0, "percent_statements_covered": 72.22222222222223, "percent_statements_covered_display": "72"}, "missing_lines": [137, 139, 141, 143, 148], "excluded_lines": [], "start_line": 114}, "ShioajiAdapter.__init__": {"executed_lines": [], "summary": {"covered_lines": 0, "num_statements": 5, "percent_covered": 0.0, "percent_covered_display": "0", "missing_lines": 5, "excluded_lines": 0, "percent_statements_covered": 0.0, "percent_statements_covered_display": "0"}, "missing_lines": [165, 166, 167, 168, 169], "excluded_lines": [], "start_line": 157}, "ShioajiAdapter.submit_order": {"executed_lines": [], "summary": {"covered_lines": 0, "num_statements": 11, "percent_covered": 0.0, "percent_covered_display": "0", "missing_lines": 11, "excluded_lines": 0, "percent_statements_covered": 0.0, "percent_statements_covered_display": "0"}, "missing_lines": [172, 174, 184, 185, 187, 188, 189, 193, 194, 195, 196], "excluded_lines": [], "start_line": 171}, "ShioajiAdapter.poll_order_status": {"executed_lines": [], "summary": {"covered_lines": 0, "num_statements": 13, "percent_covered": 0.0, "percent_covered_display": "0", "missing_lines": 13, "excluded_lines": 0, "percent_statements_covered": 0.0, "percent_statements_covered_display": "0"}, "missing_lines": [207, 208, 209, 210, 212, 213, 214, 215, 216, 217, 225, 226, 227], "excluded_lines": [], "start_line": 203}, "ShioajiAdapter.cancel_order": {"executed_lines": [], "summary": {"covered_lines": 0, "num_statements": 9, "percent_covered": 0.0, "percent_covered_display": "0", "missing_lines": 9, "excluded_lines": 0, "percent_statements_covered": 0.0, "percent_statements_covered_display": "0"}, "missing_lines": [235, 236, 237, 238, 244, 245, 249, 250, 251], "excluded_lines": [], "start_line": 234}, "ShioajiAdapter.wait_for_terminal": {"executed_lines": [], "summary": {"covered_lines": 0, "num_statements": 10, "percent_covered": 0.0, "percent_covered_display": "0", "missing_lines": 10, "excluded_lines": 0, "percent_statements_covered": 0.0, "percent_statements_covered_display": "0"}, "missing_lines": [259, 260, 261, 262, 263, 264, 265, 266, 267, 268], "excluded_lines": [], "start_line": 258}, "map_shioaji_exec_status": {"executed_lines": [272, 273, 274, 275], "summary": {"covered_lines": 4, "num_statements": 14, "percent_covered": 28.571428571428573, "percent_covered_display": "29", "missing_lines": 10, "excluded_lines": 0, "percent_statements_covered": 28.571428571428573, "percent_statements_covered_display": "29"}, "missing_lines": [276, 277, 278, 279, 280, 281, 282, 283, 284, 285], "excluded_lines": [], "start_line": 271}, "": {"executed_lines": [1, 3, 4, 5, 6, 8, 11, 12, 13, 14, 15, 16, 19, 20, 21, 22, 23, 24, 25, 28, 29, 30, 31, 32, 33, 34, 35, 36, 37, 40, 51, 55, 59, 70, 101, 114, 151, 157, 171, 203, 234, 258, 271], "summary": {"covered_lines": 43, "num_statements": 43, "percent_covered": 100.0, "percent_covered_display": "100", "missing_lines": 0, "excluded_lines": 7, "percent_statements_covered": 100.0, "percent_statements_covered_display": "100"}, "missing_lines": [], "excluded_lines": [41, 43, 44, 46, 47, 49, 50], "start_line": 1}}, "classes": {"BrokerSubmission": {"executed_lines": [], "summary": {"covered_lines": 0, "num_statements": 0, "percent_covered": 100.0, "percent_covered_display": "100", "missing_lines": 0, "excluded_lines": 0, "percent_statements_covered": 100.0, "percent_statements_covered_display": "100"}, "missing_lines": [], "excluded_lines": [], "start_line": 12}, "BrokerFill": {"executed_lines": [], "summary": {"covered_lines": 0, "num_statements": 0, "percent_covered": 100.0, "percent_covered_display": "100", "missing_lines": 0, "excluded_lines": 0, "percent_statements_covered": 100.0, "percent_statements_covered_display": "100"}, "missing_lines": [], "excluded_lines": [], "start_line": 20}, "BrokerOrderStatus": {"executed_lines": [], "summary": {"covered_lines": 0, "num_statements": 0, "percent_covered": 100.0, "percent_covered_display": "100", "missing_lines": 0, "excluded_lines": 0, "percent_statements_covered": 100.0, "percent_statements_covered_display": "100"}, "missing_lines": [], "excluded_lines": [], "start_line": 29}, "BrokerAdapter": {"executed_lines": [], "summary": {"covered_lines": 0, "num_statements": 0, "percent_covered": 100.0, "percent_covered_display": "100", "missing_lines": 0, "excluded_lines": 3, "percent_statements_covered": 100.0, "percent_statements_covered_display": "100"}, "missing_lines": [], "excluded_lines": [42, 45, 48], "start_line": 40}, "SimBrokerAdapter": {"executed_lines": [56, 57, 60, 61, 67, 68, 71, 72, 73, 74, 75, 80, 81, 82, 83, 84, 92, 102, 103, 104, 110, 111], "summary": {"covered_lines": 22, "num_statements": 22, "percent_covered": 100.0, "percent_covered_display": "100", "missing_lines": 0, "excluded_lines": 0, "percent_statements_covered": 100.0, "percent_statements_covered_display": "100"}, "missing_lines": [], "excluded_lines": [], "start_line": 51}, "ShioajiAdapter": {"executed_lines": [], "summary": {"covered_lines": 0, "num_statements": 48, "percent_covered": 0.0, "percent_covered_display": "0", "missing_lines": 48, "excluded_lines": 0, "percent_statements_covered": 0.0, "percent_statements_covered_display": "0"}, "missing_lines": [165, 166, 167, 168, 169, 172, 174, 184, 185, 187, 188, 189, 193, 194, 195, 196, 207, 208, 209, 210, 212, 213, 214, 215, 216, 217, 225, 226, 227, 235, 236, 237, 238, 244, 245, 249, 250, 251, 259, 260, 261, 262, 263, 264, 265, 266, 267, 268], "excluded_lines": [], "start_line": 151}, "": {"executed_lines": [1, 3, 4, 5, 6, 8, 11, 12, 13, 14, 15, 16, 19, 20, 21, 22, 23, 24, 25, 28, 29, 30, 31, 32, 33, 34, 35, 36, 37, 40, 51, 55, 59, 70, 101, 114, 118, 119, 121, 133, 134, 136, 138, 140, 142, 144, 145, 146, 147, 151, 157, 171, 203, 234, 258, 271, 272, 273, 274, 275], "summary": {"covered_lines": 60, "num_statements": 75, "percent_covered": 80.0, "percent_covered_display": "80", "missing_lines": 15, "excluded_lines": 7, "percent_statements_covered": 80.0, "percent_statements_covered_display": "80"}, "missing_lines": [137, 139, 141, 143, 148, 276, 277, 278, 279, 280, 281, 282, 283, 284, 285], "excluded_lines": [41, 43, 44, 46, 47, 49, 50], "start_line": 1}}}, "src/openclaw/cash_mode.py": {"executed_lines": [21, 23, 24, 25, 27, 28, 31, 32, 35, 46, 47, 48, 51, 52, 55, 57, 58, 61, 62, 63, 64, 66, 67, 69, 72, 73, 76, 77, 80, 81, 84, 86, 87, 88, 91, 92, 93, 94, 95, 96, 99, 107, 108, 109, 110, 113, 114, 121, 122, 130, 131, 132, 138, 146, 147, 154, 162, 166], "summary": {"covered_lines": 58, "num_statements": 58, "percent_covered": 100.0, "percent_covered_display": "100", "missing_lines": 0, "excluded_lines": 0, "percent_statements_covered": 100.0, "percent_statements_covered_display": "100"}, "missing_lines": [], "excluded_lines": [], "functions": {"_clamp": {"executed_lines": [32], "summary": {"covered_lines": 1, "num_statements": 1, "percent_covered": 100.0, "percent_covered_display": "100", "missing_lines": 0, "excluded_lines": 0, "percent_statements_covered": 100.0, "percent_statements_covered_display": "100"}, "missing_lines": [], "excluded_lines": [], "start_line": 31}, "compute_market_rating": {"executed_lines": [46, 47, 48, 51, 52, 55, 57, 58, 61, 62, 63, 64, 66, 67, 69], "summary": {"covered_lines": 15, "num_statements": 15, "percent_covered": 100.0, "percent_covered_display": "100", "missing_lines": 0, "excluded_lines": 0, "percent_statements_covered": 100.0, "percent_statements_covered_display": "100"}, "missing_lines": [], "excluded_lines": [], "start_line": 35}, "CashModePolicy.default": {"executed_lines": [88], "summary": {"covered_lines": 1, "num_statements": 1, "percent_covered": 100.0, "percent_covered_display": "100", "missing_lines": 0, "excluded_lines": 0, "percent_statements_covered": 100.0, "percent_statements_covered_display": "100"}, "missing_lines": [], "excluded_lines": [], "start_line": 87}, "evaluate_cash_mode": {"executed_lines": [107, 108, 109, 110, 113, 114, 121, 122, 130, 131, 132, 138, 146, 147, 154], "summary": {"covered_lines": 15, "num_statements": 15, "percent_covered": 100.0, "percent_covered_display": "100", "missing_lines": 0, "excluded_lines": 0, "percent_statements_covered": 100.0, "percent_statements_covered_display": "100"}, "missing_lines": [], "excluded_lines": [], "start_line": 99}, "apply_cash_mode_to_system_state": {"executed_lines": [166], "summary": {"covered_lines": 1, "num_statements": 1, "percent_covered": 100.0, "percent_covered_display": "100", "missing_lines": 0, "excluded_lines": 0, "percent_statements_covered": 100.0, "percent_statements_covered_display": "100"}, "missing_lines": [], "excluded_lines": [], "start_line": 162}, "": {"executed_lines": [21, 23, 24, 25, 27, 28, 31, 35, 72, 73, 76, 77, 80, 81, 84, 86, 87, 91, 92, 93, 94, 95, 96, 99, 162], "summary": {"covered_lines": 25, "num_statements": 25, "percent_covered": 100.0, "percent_covered_display": "100", "missing_lines": 0, "excluded_lines": 0, "percent_statements_covered": 100.0, "percent_statements_covered_display": "100"}, "missing_lines": [], "excluded_lines": [], "start_line": 1}}, "classes": {"CashModePolicy": {"executed_lines": [88], "summary": {"covered_lines": 1, "num_statements": 1, "percent_covered": 100.0, "percent_covered_display": "100", "missing_lines": 0, "excluded_lines": 0, "percent_statements_covered": 100.0, "percent_statements_covered_display": "100"}, "missing_lines": [], "excluded_lines": [], "start_line": 73}, "CashModeDecision": {"executed_lines": [], "summary": {"covered_lines": 0, "num_statements": 0, "percent_covered": 100.0, "percent_covered_display": "100", "missing_lines": 0, "excluded_lines": 0, "percent_statements_covered": 100.0, "percent_statements_covered_display": "100"}, "missing_lines": [], "excluded_lines": [], "start_line": 92}, "": {"executed_lines": [21, 23, 24, 25, 27, 28, 31, 32, 35, 46, 47, 48, 51, 52, 55, 57, 58, 61, 62, 63, 64, 66, 67, 69, 72, 73, 76, 77, 80, 81, 84, 86, 87, 91, 92, 93, 94, 95, 96, 99, 107, 108, 109, 110, 113, 114, 121, 122, 130, 131, 132, 138, 146, 147, 154, 162, 166], "summary": {"covered_lines": 57, "num_statements": 57, "percent_covered": 100.0, "percent_covered_display": "100", "missing_lines": 0, "excluded_lines": 0, "percent_statements_covered": 100.0, "percent_statements_covered_display": "100"}, "missing_lines": [], "excluded_lines": [], "start_line": 1}}}, "src/openclaw/cash_mode_manager.py": {"executed_lines": [10, 12, 13, 14, 15, 16, 17, 18, 20, 26, 27, 29, 32, 33, 36, 37, 38, 39, 40, 41, 42, 45, 48, 49, 50, 51, 52, 54, 56, 57, 70, 78, 86, 91, 93, 94, 99, 100, 101, 103, 105, 107, 115, 116, 121, 129, 132, 139, 145, 156, 159, 160, 168, 170, 172, 173, 191, 193, 194, 200, 219, 221, 222, 233, 234, 235, 245, 249, 252, 255, 256, 257, 260, 273, 276, 282, 283, 300, 302], "summary": {"covered_lines": 79, "num_statements": 79, "percent_covered": 100.0, "percent_covered_display": "100", "missing_lines": 0, "excluded_lines": 0, "percent_statements_covered": 100.0, "percent_statements_covered_display": "100"}, "missing_lines": [], "excluded_lines": [], "functions": {"CashModeManager.__init__": {"executed_lines": [49, 50, 51, 52], "summary": {"covered_lines": 4, "num_statements": 4, "percent_covered": 100.0, "percent_covered_display": "100", "missing_lines": 0, "excluded_lines": 0, "percent_statements_covered": 100.0, "percent_statements_covered_display": "100"}, "missing_lines": [], "excluded_lines": [], "start_line": 48}, "CashModeManager._init_db": {"executed_lines": [56, 57, 70, 78, 86], "summary": {"covered_lines": 5, "num_statements": 5, "percent_covered": 100.0, "percent_covered_display": "100", "missing_lines": 0, "excluded_lines": 0, "percent_statements_covered": 100.0, "percent_statements_covered_display": "100"}, "missing_lines": [], "excluded_lines": [], "start_line": 54}, "CashModeManager.load_policy": {"executed_lines": [93, 94, 99, 100, 101, 103], "summary": {"covered_lines": 6, "num_statements": 6, "percent_covered": 100.0, "percent_covered_display": "100", "missing_lines": 0, "excluded_lines": 0, "percent_statements_covered": 100.0, "percent_statements_covered_display": "100"}, "missing_lines": [], "excluded_lines": [], "start_line": 91}, "CashModeManager.save_policy": {"executed_lines": [107, 115, 116], "summary": {"covered_lines": 3, "num_statements": 3, "percent_covered": 100.0, "percent_covered_display": "100", "missing_lines": 0, "excluded_lines": 0, "percent_statements_covered": 100.0, "percent_statements_covered_display": "100"}, "missing_lines": [], "excluded_lines": [], "start_line": 105}, "CashModeManager.evaluate": {"executed_lines": [129, 132, 139, 145, 156, 159, 160, 168], "summary": {"covered_lines": 8, "num_statements": 8, "percent_covered": 100.0, "percent_covered_display": "100", "missing_lines": 0, "excluded_lines": 0, "percent_statements_covered": 100.0, "percent_statements_covered_display": "100"}, "missing_lines": [], "excluded_lines": [], "start_line": 121}, "CashModeManager._log_decision": {"executed_lines": [172, 173], "summary": {"covered_lines": 2, "num_statements": 2, "percent_covered": 100.0, "percent_covered_display": "100", "missing_lines": 0, "excluded_lines": 0, "percent_statements_covered": 100.0, "percent_statements_covered_display": "100"}, "missing_lines": [], "excluded_lines": [], "start_line": 170}, "CashModeManager.get_status_report": {"executed_lines": [193, 194, 200], "summary": {"covered_lines": 3, "num_statements": 3, "percent_covered": 100.0, "percent_covered_display": "100", "missing_lines": 0, "excluded_lines": 0, "percent_statements_covered": 100.0, "percent_statements_covered_display": "100"}, "missing_lines": [], "excluded_lines": [], "start_line": 191}, "CashModeManager.get_history": {"executed_lines": [221, 222, 233, 234, 235, 245], "summary": {"covered_lines": 6, "num_statements": 6, "percent_covered": 100.0, "percent_covered_display": "100", "missing_lines": 0, "excluded_lines": 0, "percent_statements_covered": 100.0, "percent_statements_covered_display": "100"}, "missing_lines": [], "excluded_lines": [], "start_line": 219}, "get_cash_mode_manager": {"executed_lines": [255, 256, 257], "summary": {"covered_lines": 3, "num_statements": 3, "percent_covered": 100.0, "percent_covered_display": "100", "missing_lines": 0, "excluded_lines": 0, "percent_statements_covered": 100.0, "percent_statements_covered_display": "100"}, "missing_lines": [], "excluded_lines": [], "start_line": 252}, "integrate_with_decision_pipeline": {"executed_lines": [273, 276, 282, 283, 300, 302], "summary": {"covered_lines": 6, "num_statements": 6, "percent_covered": 100.0, "percent_covered_display": "100", "missing_lines": 0, "excluded_lines": 0, "percent_statements_covered": 100.0, "percent_statements_covered_display": "100"}, "missing_lines": [], "excluded_lines": [], "start_line": 260}, "": {"executed_lines": [10, 12, 13, 14, 15, 16, 17, 18, 20, 26, 27, 29, 32, 33, 36, 37, 38, 39, 40, 41, 42, 45, 48, 54, 91, 105, 121, 170, 191, 219, 249, 252, 260], "summary": {"covered_lines": 33, "num_statements": 33, "percent_covered": 100.0, "percent_covered_display": "100", "missing_lines": 0, "excluded_lines": 0, "percent_statements_covered": 100.0, "percent_statements_covered_display": "100"}, "missing_lines": [], "excluded_lines": [], "start_line": 1}}, "classes": {"CashModeState": {"executed_lines": [], "summary": {"covered_lines": 0, "num_statements": 0, "percent_covered": 100.0, "percent_covered_display": "100", "missing_lines": 0, "excluded_lines": 0, "percent_statements_covered": 100.0, "percent_statements_covered_display": "100"}, "missing_lines": [], "excluded_lines": [], "start_line": 33}, "CashModeManager": {"executed_lines": [49, 50, 51, 52, 56, 57, 70, 78, 86, 93, 94, 99, 100, 101, 103, 107, 115, 116, 129, 132, 139, 145, 156, 159, 160, 168, 172, 173, 193, 194, 200, 221, 222, 233, 234, 235, 245], "summary": {"covered_lines": 37, "num_statements": 37, "percent_covered": 100.0, "percent_covered_display": "100", "missing_lines": 0, "excluded_lines": 0, "percent_statements_covered": 100.0, "percent_statements_covered_display": "100"}, "missing_lines": [], "excluded_lines": [], "start_line": 45}, "": {"executed_lines": [10, 12, 13, 14, 15, 16, 17, 18, 20, 26, 27, 29, 32, 33, 36, 37, 38, 39, 40, 41, 42, 45, 48, 54, 91, 105, 121, 170, 191, 219, 249, 252, 255, 256, 257, 260, 273, 276, 282, 283, 300, 302], "summary": {"covered_lines": 42, "num_statements": 42, "percent_covered": 100.0, "percent_covered_display": "100", "missing_lines": 0, "excluded_lines": 0, "percent_statements_covered": 100.0, "percent_statements_covered_display": "100"}, "missing_lines": [], "excluded_lines": [], "start_line": 1}}}, "src/openclaw/correlation_guard.py": {"executed_lines": [19, 21, 22, 23, 26, 27, 28, 29, 30, 31, 33, 36, 37, 40, 41, 43, 44, 45, 48, 54, 55, 57, 58, 60, 61, 62, 63, 64, 65, 67, 68, 71, 79, 80, 81, 82, 83, 84, 86, 87, 88, 90, 91, 92, 93, 94, 95, 96, 97, 98, 99, 102, 103, 104, 105, 108, 109, 112, 114, 115, 116, 119, 120, 121, 122, 123, 124, 125, 126, 127, 128, 131, 132, 133, 134, 135, 137, 139, 140, 141, 143, 146, 147, 148, 151, 152, 153, 154, 155, 156, 157, 158, 159, 161, 163, 166, 172, 174, 180, 181, 183, 184, 185, 186, 187, 188, 189, 190, 191, 192, 194, 195, 197, 199, 200, 201, 203, 204, 205, 206, 207, 208, 210, 211, 212, 213, 217, 218, 220, 224, 227, 239, 250, 251, 253, 258, 260, 261, 263, 264, 268, 269, 270, 271, 277, 278, 279, 282, 285, 286, 287, 288, 289, 291, 292, 293, 295, 296, 297, 298, 299, 301, 310, 333, 334, 338, 341, 344, 346, 347], "summary": {"covered_lines": 170, "num_statements": 206, "percent_covered": 82.52427184466019, "percent_covered_display": "83", "missing_lines": 36, "excluded_lines": 0, "percent_statements_covered": 82.52427184466019, "percent_statements_covered_display": "83"}, "missing_lines": [32, 42, 56, 85, 136, 138, 142, 149, 162, 219, 225, 254, 255, 256, 262, 265, 266, 313, 314, 315, 316, 320, 321, 322, 323, 325, 326, 327, 328, 330, 345, 349, 350, 351, 353, 362], "excluded_lines": [], "functions": {"_safe_float": {"executed_lines": [27, 28, 29, 30, 31, 33], "summary": {"covered_lines": 6, "num_statements": 7, "percent_covered": 85.71428571428571, "percent_covered_display": "86", "missing_lines": 1, "excluded_lines": 0, "percent_statements_covered": 85.71428571428571, "percent_statements_covered_display": "86"}, "missing_lines": [32], "excluded_lines": [], "start_line": 26}, "_mean": {"executed_lines": [37], "summary": {"covered_lines": 1, "num_statements": 1, "percent_covered": 100.0, "percent_covered_display": "100", "missing_lines": 0, "excluded_lines": 0, "percent_statements_covered": 100.0, "percent_statements_covered_display": "100"}, "missing_lines": [], "excluded_lines": [], "start_line": 36}, "_std": {"executed_lines": [41, 43, 44, 45], "summary": {"covered_lines": 4, "num_statements": 5, "percent_covered": 80.0, "percent_covered_display": "80", "missing_lines": 1, "excluded_lines": 0, "percent_statements_covered": 80.0, "percent_statements_covered_display": "80"}, "missing_lines": [42], "excluded_lines": [], "start_line": 40}, "pearson_corr": {"executed_lines": [54, 55, 57, 58, 60, 61, 62, 63, 64, 65, 67, 68], "summary": {"covered_lines": 12, "num_statements": 13, "percent_covered": 92.3076923076923, "percent_covered_display": "92", "missing_lines": 1, "excluded_lines": 0, "percent_statements_covered": 92.3076923076923, "percent_statements_covered_display": "92"}, "missing_lines": [56], "excluded_lines": [], "start_line": 48}, "compute_correlation_matrix": {"executed_lines": [79, 80, 81, 82, 83, 84, 86, 87, 88, 90, 91, 92, 93, 94, 95, 96, 97, 98, 99], "summary": {"covered_lines": 19, "num_statements": 20, "percent_covered": 95.0, "percent_covered_display": "95", "missing_lines": 1, "excluded_lines": 0, "percent_statements_covered": 95.0, "percent_statements_covered_display": "95"}, "missing_lines": [85], "excluded_lines": [], "start_line": 71}, "CorrelationGuardPolicy.default": {"executed_lines": [116], "summary": {"covered_lines": 1, "num_statements": 1, "percent_covered": 100.0, "percent_covered_display": "100", "missing_lines": 0, "excluded_lines": 0, "percent_statements_covered": 100.0, "percent_statements_covered_display": "100"}, "missing_lines": [], "excluded_lines": [], "start_line": 115}, "_normalize_weights": {"executed_lines": [132, 133, 134, 135, 137, 139, 140, 141, 143], "summary": {"covered_lines": 9, "num_statements": 12, "percent_covered": 75.0, "percent_covered_display": "75", "missing_lines": 3, "excluded_lines": 0, "percent_statements_covered": 75.0, "percent_statements_covered_display": "75"}, "missing_lines": [136, 138, 142], "excluded_lines": [], "start_line": 131}, "_weighted_avg_abs_corr": {"executed_lines": [147, 148, 151, 152, 153, 154, 155, 156, 157, 158, 159, 161, 163], "summary": {"covered_lines": 13, "num_statements": 15, "percent_covered": 86.66666666666667, "percent_covered_display": "87", "missing_lines": 2, "excluded_lines": 0, "percent_statements_covered": 86.66666666666667, "percent_statements_covered_display": "87"}, "missing_lines": [149, 162], "excluded_lines": [], "start_line": 146}, "evaluate_correlation_risk": {"executed_lines": [172, 174, 180, 181, 183, 184, 185, 186, 187, 188, 189, 190, 191, 192, 194, 195, 197, 199, 200, 201, 203, 204, 205, 206, 207, 208, 210, 211, 212, 213, 217, 218, 220, 224, 227], "summary": {"covered_lines": 35, "num_statements": 37, "percent_covered": 94.5945945945946, "percent_covered_display": "95", "missing_lines": 2, "excluded_lines": 0, "percent_statements_covered": 94.5945945945946, "percent_statements_covered_display": "95"}, "missing_lines": [219, 225], "excluded_lines": [], "start_line": 166}, "apply_correlation_guard_to_limits": {"executed_lines": [250, 251, 253, 258, 260, 261, 263, 264, 268, 269, 270, 271], "summary": {"covered_lines": 12, "num_statements": 18, "percent_covered": 66.66666666666667, "percent_covered_display": "67", "missing_lines": 6, "excluded_lines": 0, "percent_statements_covered": 66.66666666666667, "percent_statements_covered_display": "67"}, "missing_lines": [254, 255, 256, 262, 265, 266], "excluded_lines": [], "start_line": 239}, "load_correlation_guard_policy": {"executed_lines": [285, 286, 287, 288, 289, 291, 295, 301], "summary": {"covered_lines": 8, "num_statements": 8, "percent_covered": 100.0, "percent_covered_display": "100", "missing_lines": 0, "excluded_lines": 0, "percent_statements_covered": 100.0, "percent_statements_covered_display": "100"}, "missing_lines": [], "excluded_lines": [], "start_line": 282}, "load_correlation_guard_policy._getf": {"executed_lines": [292, 293], "summary": {"covered_lines": 2, "num_statements": 2, "percent_covered": 100.0, "percent_covered_display": "100", "missing_lines": 0, "excluded_lines": 0, "percent_statements_covered": 100.0, "percent_statements_covered_display": "100"}, "missing_lines": [], "excluded_lines": [], "start_line": 291}, "load_correlation_guard_policy._geti": {"executed_lines": [296, 297, 298, 299], "summary": {"covered_lines": 4, "num_statements": 4, "percent_covered": 100.0, "percent_covered_display": "100", "missing_lines": 0, "excluded_lines": 0, "percent_statements_covered": 100.0, "percent_statements_covered_display": "100"}, "missing_lines": [], "excluded_lines": [], "start_line": 295}, "render_correlation_report": {"executed_lines": [], "summary": {"covered_lines": 0, "num_statements": 13, "percent_covered": 0.0, "percent_covered_display": "0", "missing_lines": 13, "excluded_lines": 0, "percent_statements_covered": 0.0, "percent_statements_covered_display": "0"}, "missing_lines": [313, 314, 315, 316, 320, 321, 322, 323, 325, 326, 327, 328, 330], "excluded_lines": [], "start_line": 310}, "_table_exists": {"executed_lines": [334, 338], "summary": {"covered_lines": 2, "num_statements": 2, "percent_covered": 100.0, "percent_covered_display": "100", "missing_lines": 0, "excluded_lines": 0, "percent_statements_covered": 100.0, "percent_statements_covered_display": "100"}, "missing_lines": [], "excluded_lines": [], "start_line": 333}, "log_correlation_incident": {"executed_lines": [344, 346, 347], "summary": {"covered_lines": 3, "num_statements": 9, "percent_covered": 33.333333333333336, "percent_covered_display": "33", "missing_lines": 6, "excluded_lines": 0, "percent_statements_covered": 33.333333333333336, "percent_statements_covered_display": "33"}, "missing_lines": [345, 349, 350, 351, 353, 362], "excluded_lines": [], "start_line": 341}, "": {"executed_lines": [19, 21, 22, 23, 26, 36, 40, 48, 71, 102, 103, 104, 105, 108, 109, 112, 114, 115, 119, 120, 121, 122, 123, 124, 125, 126, 127, 128, 131, 146, 166, 239, 277, 278, 279, 282, 310, 333, 341], "summary": {"covered_lines": 39, "num_statements": 39, "percent_covered": 100.0, "percent_covered_display": "100", "missing_lines": 0, "excluded_lines": 0, "percent_statements_covered": 100.0, "percent_statements_covered_display": "100"}, "missing_lines": [], "excluded_lines": [], "start_line": 1}}, "classes": {"CorrelationGuardPolicy": {"executed_lines": [116], "summary": {"covered_lines": 1, "num_statements": 1, "percent_covered": 100.0, "percent_covered_display": "100", "missing_lines": 0, "excluded_lines": 0, "percent_statements_covered": 100.0, "percent_statements_covered_display": "100"}, "missing_lines": [], "excluded_lines": [], "start_line": 103}, "CorrelationGuardDecision": {"executed_lines": [], "summary": {"covered_lines": 0, "num_statements": 0, "percent_covered": 100.0, "percent_covered_display": "100", "missing_lines": 0, "excluded_lines": 0, "percent_statements_covered": 100.0, "percent_statements_covered_display": "100"}, "missing_lines": [], "excluded_lines": [], "start_line": 120}, "": {"executed_lines": [19, 21, 22, 23, 26, 27, 28, 29, 30, 31, 33, 36, 37, 40, 41, 43, 44, 45, 48, 54, 55, 57, 58, 60, 61, 62, 63, 64, 65, 67, 68, 71, 79, 80, 81, 82, 83, 84, 86, 87, 88, 90, 91, 92, 93, 94, 95, 96, 97, 98, 99, 102, 103, 104, 105, 108, 109, 112, 114, 115, 119, 120, 121, 122, 123, 124, 125, 126, 127, 128, 131, 132, 133, 134, 135, 137, 139, 140, 141, 143, 146, 147, 148, 151, 152, 153, 154, 155, 156, 157, 158, 159, 161, 163, 166, 172, 174, 180, 181, 183, 184, 185, 186, 187, 188, 189, 190, 191, 192, 194, 195, 197, 199, 200, 201, 203, 204, 205, 206, 207, 208, 210, 211, 212, 213, 217, 218, 220, 224, 227, 239, 250, 251, 253, 258, 260, 261, 263, 264, 268, 269, 270, 271, 277, 278, 279, 282, 285, 286, 287, 288, 289, 291, 292, 293, 295, 296, 297, 298, 299, 301, 310, 333, 334, 338, 341, 344, 346, 347], "summary": {"covered_lines": 169, "num_statements": 205, "percent_covered": 82.4390243902439, "percent_covered_display": "82", "missing_lines": 36, "excluded_lines": 0, "percent_statements_covered": 82.4390243902439, "percent_statements_covered_display": "82"}, "missing_lines": [32, 42, 56, 85, 136, 138, 142, 149, 162, 219, 225, 254, 255, 256, 262, 265, 266, 313, 314, 315, 316, 320, 321, 322, 323, 325, 326, 327, 328, 330, 345, 349, 350, 351, 353, 362], "excluded_lines": [], "start_line": 1}}}, "src/openclaw/daily_pm_review.py": {"executed_lines": [12, 14, 15, 16, 17, 19, 22, 24, 27, 31, 41, 61, 66, 103, 184], "summary": {"covered_lines": 15, "num_statements": 68, "percent_covered": 22.058823529411764, "percent_covered_display": "22", "missing_lines": 53, "excluded_lines": 0, "percent_statements_covered": 22.058823529411764, "percent_statements_covered_display": "22"}, "missing_lines": [28, 33, 34, 35, 36, 37, 38, 43, 44, 45, 46, 47, 48, 49, 62, 63, 71, 78, 79, 81, 82, 86, 87, 88, 90, 91, 96, 97, 98, 100, 120, 122, 123, 137, 138, 140, 142, 143, 147, 154, 156, 157, 158, 159, 160, 163, 165, 179, 180, 181, 192, 206, 207], "excluded_lines": [], "functions": {"_today": {"executed_lines": [], "summary": {"covered_lines": 0, "num_statements": 1, "percent_covered": 0.0, "percent_covered_display": "0", "missing_lines": 1, "excluded_lines": 0, "percent_statements_covered": 0.0, "percent_statements_covered_display": "0"}, "missing_lines": [28], "excluded_lines": [], "start_line": 27}, "get_daily_pm_approval": {"executed_lines": [], "summary": {"covered_lines": 0, "num_statements": 6, "percent_covered": 0.0, "percent_covered_display": "0", "missing_lines": 6, "excluded_lines": 0, "percent_statements_covered": 0.0, "percent_statements_covered_display": "0"}, "missing_lines": [33, 34, 35, 36, 37, 38], "excluded_lines": [], "start_line": 31}, "get_daily_pm_state": {"executed_lines": [], "summary": {"covered_lines": 0, "num_statements": 7, "percent_covered": 0.0, "percent_covered_display": "0", "missing_lines": 7, "excluded_lines": 0, "percent_statements_covered": 0.0, "percent_statements_covered_display": "0"}, "missing_lines": [43, 44, 45, 46, 47, 48, 49], "excluded_lines": [], "start_line": 41}, "_save_state": {"executed_lines": [], "summary": {"covered_lines": 0, "num_statements": 2, "percent_covered": 0.0, "percent_covered_display": "0", "missing_lines": 2, "excluded_lines": 0, "percent_statements_covered": 0.0, "percent_statements_covered_display": "0"}, "missing_lines": [62, 63], "excluded_lines": [], "start_line": 61}, "build_daily_context": {"executed_lines": [], "summary": {"covered_lines": 0, "num_statements": 14, "percent_covered": 0.0, "percent_covered_display": "0", "missing_lines": 14, "excluded_lines": 0, "percent_statements_covered": 0.0, "percent_statements_covered_display": "0"}, "missing_lines": [71, 78, 79, 81, 82, 86, 87, 88, 90, 91, 96, 97, 98, 100], "excluded_lines": [], "start_line": 66}, "run_daily_pm_review": {"executed_lines": [], "summary": {"covered_lines": 0, "num_statements": 20, "percent_covered": 0.0, "percent_covered_display": "0", "missing_lines": 20, "excluded_lines": 0, "percent_statements_covered": 0.0, "percent_statements_covered_display": "0"}, "missing_lines": [120, 122, 123, 137, 138, 140, 142, 143, 147, 154, 156, 157, 158, 159, 160, 163, 165, 179, 180, 181], "excluded_lines": [], "start_line": 103}, "manual_override": {"executed_lines": [], "summary": {"covered_lines": 0, "num_statements": 3, "percent_covered": 0.0, "percent_covered_display": "0", "missing_lines": 3, "excluded_lines": 0, "percent_statements_covered": 0.0, "percent_statements_covered_display": "0"}, "missing_lines": [192, 206, 207], "excluded_lines": [], "start_line": 184}, "": {"executed_lines": [12, 14, 15, 16, 17, 19, 22, 24, 27, 31, 41, 61, 66, 103, 184], "summary": {"covered_lines": 15, "num_statements": 15, "percent_covered": 100.0, "percent_covered_display": "100", "missing_lines": 0, "excluded_lines": 0, "percent_statements_covered": 100.0, "percent_statements_covered_display": "100"}, "missing_lines": [], "excluded_lines": [], "start_line": 1}}, "classes": {"": {"executed_lines": [12, 14, 15, 16, 17, 19, 22, 24, 27, 31, 41, 61, 66, 103, 184], "summary": {"covered_lines": 15, "num_statements": 68, "percent_covered": 22.058823529411764, "percent_covered_display": "22", "missing_lines": 53, "excluded_lines": 0, "percent_statements_covered": 22.058823529411764, "percent_statements_covered_display": "22"}, "missing_lines": [28, 33, 34, 35, 36, 37, 38, 43, 44, 45, 46, 47, 48, 49, 62, 63, 71, 78, 79, 81, 82, 86, 87, 88, 90, 91, 96, 97, 98, 100, 120, 122, 123, 137, 138, 140, 142, 143, 147, 154, 156, 157, 158, 159, 160, 163, 165, 179, 180, 181, 192, 206, 207], "excluded_lines": [], "start_line": 1}}}, "src/openclaw/db_router.py": {"executed_lines": [8, 9, 10, 13, 14, 17, 19, 28, 29, 30, 31, 32, 33, 35, 37, 42, 46, 54, 57, 58, 59, 60, 62, 64, 69, 70, 81], "summary": {"covered_lines": 27, "num_statements": 27, "percent_covered": 100.0, "percent_covered_display": "100", "missing_lines": 0, "excluded_lines": 0, "percent_statements_covered": 100.0, "percent_statements_covered_display": "100"}, "missing_lines": [], "excluded_lines": [], "functions": {"get_db_path": {"executed_lines": [28, 29, 30, 31, 32, 33, 35], "summary": {"covered_lines": 7, "num_statements": 7, "percent_covered": 100.0, "percent_covered_display": "100", "missing_lines": 0, "excluded_lines": 0, "percent_statements_covered": 100.0, "percent_statements_covered_display": "100"}, "missing_lines": [], "excluded_lines": [], "start_line": 19}, "get_connection": {"executed_lines": [42, 46, 54, 57, 58, 59, 60, 62], "summary": {"covered_lines": 8, "num_statements": 8, "percent_covered": 100.0, "percent_covered_display": "100", "missing_lines": 0, "excluded_lines": 0, "percent_statements_covered": 100.0, "percent_statements_covered_display": "100"}, "missing_lines": [], "excluded_lines": [], "start_line": 37}, "init_execution_tables": {"executed_lines": [69, 70, 81], "summary": {"covered_lines": 3, "num_statements": 3, "percent_covered": 100.0, "percent_covered_display": "100", "missing_lines": 0, "excluded_lines": 0, "percent_statements_covered": 100.0, "percent_statements_covered_display": "100"}, "missing_lines": [], "excluded_lines": [], "start_line": 64}, "": {"executed_lines": [8, 9, 10, 13, 14, 17, 19, 37, 64], "summary": {"covered_lines": 9, "num_statements": 9, "percent_covered": 100.0, "percent_covered_display": "100", "missing_lines": 0, "excluded_lines": 0, "percent_statements_covered": 100.0, "percent_statements_covered_display": "100"}, "missing_lines": [], "excluded_lines": [], "start_line": 1}}, "classes": {"": {"executed_lines": [8, 9, 10, 13, 14, 17, 19, 28, 29, 30, 31, 32, 33, 35, 37, 42, 46, 54, 57, 58, 59, 60, 62, 64, 69, 70, 81], "summary": {"covered_lines": 27, "num_statements": 27, "percent_covered": 100.0, "percent_covered_display": "100", "missing_lines": 0, "excluded_lines": 0, "percent_statements_covered": 100.0, "percent_statements_covered_display": "100"}, "missing_lines": [], "excluded_lines": [], "start_line": 1}}}, "src/openclaw/decision_pipeline.py": {"executed_lines": [1, 3, 4, 5, 7, 8, 9, 10, 13, 16, 23, 30, 79, 109], "summary": {"covered_lines": 14, "num_statements": 37, "percent_covered": 37.83783783783784, "percent_covered_display": "38", "missing_lines": 23, "excluded_lines": 0, "percent_statements_covered": 37.83783783783784, "percent_statements_covered_display": "38"}, "missing_lines": [17, 18, 19, 20, 24, 25, 26, 27, 38, 39, 40, 42, 57, 59, 60, 61, 76, 87, 88, 89, 90, 105, 116], "excluded_lines": [], "functions": {"_safe_float": {"executed_lines": [], "summary": {"covered_lines": 0, "num_statements": 4, "percent_covered": 0.0, "percent_covered_display": "0", "missing_lines": 4, "excluded_lines": 0, "percent_statements_covered": 0.0, "percent_statements_covered_display": "0"}, "missing_lines": [17, 18, 19, 20], "excluded_lines": [], "start_line": 16}, "_safe_int": {"executed_lines": [], "summary": {"covered_lines": 0, "num_statements": 4, "percent_covered": 0.0, "percent_covered_display": "0", "missing_lines": 4, "excluded_lines": 0, "percent_statements_covered": 0.0, "percent_statements_covered_display": "0"}, "missing_lines": [24, 25, 26, 27], "excluded_lines": [], "start_line": 23}, "run_news_sentiment_with_guard": {"executed_lines": [], "summary": {"covered_lines": 0, "num_statements": 9, "percent_covered": 0.0, "percent_covered_display": "0", "missing_lines": 9, "excluded_lines": 0, "percent_statements_covered": 0.0, "percent_statements_covered_display": "0"}, "missing_lines": [38, 39, 40, 42, 57, 59, 60, 61, 76], "excluded_lines": [], "start_line": 30}, "run_pm_debate": {"executed_lines": [], "summary": {"covered_lines": 0, "num_statements": 5, "percent_covered": 0.0, "percent_covered_display": "0", "missing_lines": 5, "excluded_lines": 0, "percent_statements_covered": 0.0, "percent_statements_covered_display": "0"}, "missing_lines": [87, 88, 89, 90, 105], "excluded_lines": [], "start_line": 79}, "make_decision": {"executed_lines": [], "summary": {"covered_lines": 0, "num_statements": 1, "percent_covered": 0.0, "percent_covered_display": "0", "missing_lines": 1, "excluded_lines": 0, "percent_statements_covered": 0.0, "percent_statements_covered_display": "0"}, "missing_lines": [116], "excluded_lines": [], "start_line": 109}, "": {"executed_lines": [1, 3, 4, 5, 7, 8, 9, 10, 13, 16, 23, 30, 79, 109], "summary": {"covered_lines": 14, "num_statements": 14, "percent_covered": 100.0, "percent_covered_display": "100", "missing_lines": 0, "excluded_lines": 0, "percent_statements_covered": 100.0, "percent_statements_covered_display": "100"}, "missing_lines": [], "excluded_lines": [], "start_line": 1}}, "classes": {"": {"executed_lines": [1, 3, 4, 5, 7, 8, 9, 10, 13, 16, 23, 30, 79, 109], "summary": {"covered_lines": 14, "num_statements": 37, "percent_covered": 37.83783783783784, "percent_covered_display": "38", "missing_lines": 23, "excluded_lines": 0, "percent_statements_covered": 37.83783783783784, "percent_statements_covered_display": "38"}, "missing_lines": [17, 18, 19, 20, 24, 25, 26, 27, 38, 39, 40, 42, 57, 59, 60, 61, 76, 87, 88, 89, 90, 105, 116], "excluded_lines": [], "start_line": 1}}}, "src/openclaw/decision_pipeline_v4.py": {"executed_lines": [1, 3, 4, 5, 6, 7, 8, 10, 11, 12, 13, 14, 15, 16, 18, 19, 22, 24, 28, 29, 30, 35, 36, 37, 42, 43, 47, 50, 88, 97, 98, 110, 129, 133, 135, 136, 137, 138, 145, 146, 148, 274, 282, 283, 284, 303, 304, 305, 320, 323, 331, 332, 333, 334, 350, 351, 353, 354, 357], "summary": {"covered_lines": 59, "num_statements": 100, "percent_covered": 59.0, "percent_covered_display": "59", "missing_lines": 41, "excluded_lines": 0, "percent_statements_covered": 59.0, "percent_statements_covered_display": "59"}, "missing_lines": [31, 32, 38, 39, 67, 68, 70, 100, 130, 149, 152, 153, 156, 157, 160, 163, 172, 185, 187, 188, 195, 198, 199, 207, 209, 210, 217, 220, 221, 226, 238, 239, 246, 249, 250, 259, 270, 286, 301, 355, 356], "excluded_lines": [], "functions": {"_safe_float": {"executed_lines": [29, 30], "summary": {"covered_lines": 2, "num_statements": 4, "percent_covered": 50.0, "percent_covered_display": "50", "missing_lines": 2, "excluded_lines": 0, "percent_statements_covered": 50.0, "percent_statements_covered_display": "50"}, "missing_lines": [31, 32], "excluded_lines": [], "start_line": 28}, "_safe_int": {"executed_lines": [36, 37], "summary": {"covered_lines": 2, "num_statements": 4, "percent_covered": 50.0, "percent_covered_display": "50", "missing_lines": 2, "excluded_lines": 0, "percent_statements_covered": 50.0, "percent_statements_covered_display": "50"}, "missing_lines": [38, 39], "excluded_lines": [], "start_line": 35}, "_table_exists": {"executed_lines": [43, 47], "summary": {"covered_lines": 2, "num_statements": 2, "percent_covered": 100.0, "percent_covered_display": "100", "missing_lines": 0, "excluded_lines": 0, "percent_statements_covered": 100.0, "percent_statements_covered_display": "100"}, "missing_lines": [], "excluded_lines": [], "start_line": 42}, "_insert_decision_record": {"executed_lines": [], "summary": {"covered_lines": 0, "num_statements": 3, "percent_covered": 0.0, "percent_covered_display": "0", "missing_lines": 3, "excluded_lines": 0, "percent_statements_covered": 0.0, "percent_statements_covered_display": "0"}, "missing_lines": [67, 68, 70], "excluded_lines": [], "start_line": 50}, "_insert_risk_check": {"executed_lines": [97, 98], "summary": {"covered_lines": 2, "num_statements": 3, "percent_covered": 66.66666666666667, "percent_covered_display": "67", "missing_lines": 1, "excluded_lines": 0, "percent_statements_covered": 66.66666666666667, "percent_statements_covered_display": "67"}, "missing_lines": [100], "excluded_lines": [], "start_line": 88}, "run_decision_with_sentinel": {"executed_lines": [129, 133, 135, 136, 137, 138, 145, 146, 148], "summary": {"covered_lines": 9, "num_statements": 38, "percent_covered": 23.68421052631579, "percent_covered_display": "24", "missing_lines": 29, "excluded_lines": 0, "percent_statements_covered": 23.68421052631579, "percent_statements_covered_display": "24"}, "missing_lines": [130, 149, 152, 153, 156, 157, 160, 163, 172, 185, 187, 188, 195, 198, 199, 207, 209, 210, 217, 220, 221, 226, 238, 239, 246, 249, 250, 259, 270], "excluded_lines": [], "start_line": 110}, "run_news_sentiment_with_guard": {"executed_lines": [282, 283, 284, 303, 304, 305, 320], "summary": {"covered_lines": 7, "num_statements": 9, "percent_covered": 77.77777777777777, "percent_covered_display": "78", "missing_lines": 2, "excluded_lines": 0, "percent_statements_covered": 77.77777777777777, "percent_statements_covered_display": "78"}, "missing_lines": [286, 301], "excluded_lines": [], "start_line": 274}, "run_pm_debate": {"executed_lines": [331, 332, 333, 334, 350, 351, 353, 354, 357], "summary": {"covered_lines": 9, "num_statements": 11, "percent_covered": 81.81818181818181, "percent_covered_display": "82", "missing_lines": 2, "excluded_lines": 0, "percent_statements_covered": 81.81818181818181, "percent_statements_covered_display": "82"}, "missing_lines": [355, 356], "excluded_lines": [], "start_line": 323}, "": {"executed_lines": [1, 3, 4, 5, 6, 7, 8, 10, 11, 12, 13, 14, 15, 16, 18, 19, 22, 24, 28, 35, 42, 50, 88, 110, 274, 323], "summary": {"covered_lines": 26, "num_statements": 26, "percent_covered": 100.0, "percent_covered_display": "100", "missing_lines": 0, "excluded_lines": 0, "percent_statements_covered": 100.0, "percent_statements_covered_display": "100"}, "missing_lines": [], "excluded_lines": [], "start_line": 1}}, "classes": {"": {"executed_lines": [1, 3, 4, 5, 6, 7, 8, 10, 11, 12, 13, 14, 15, 16, 18, 19, 22, 24, 28, 29, 30, 35, 36, 37, 42, 43, 47, 50, 88, 97, 98, 110, 129, 133, 135, 136, 137, 138, 145, 146, 148, 274, 282, 283, 284, 303, 304, 305, 320, 323, 331, 332, 333, 334, 350, 351, 353, 354, 357], "summary": {"covered_lines": 59, "num_statements": 100, "percent_covered": 59.0, "percent_covered_display": "59", "missing_lines": 41, "excluded_lines": 0, "percent_statements_covered": 59.0, "percent_state
[...]
tart_line": 373}, "run_watcher": {"executed_lines": [], "summary": {"covered_lines": 0, "num_statements": 160, "percent_covered": 0.0, "percent_covered_display": "0", "missing_lines": 160, "excluded_lines": 0, "percent_statements_covered": 0.0, "percent_statements_covered_display": "0"}, "missing_lines": [428, 432, 433, 434, 436, 439, 440, 441, 442, 443, 444, 445, 446, 448, 449, 450, 451, 452, 453, 454, 455, 458, 460, 461, 464, 465, 466, 467, 468, 469, 470, 471, 472, 475, 476, 478, 479, 482, 483, 484, 485, 486, 487, 489, 492, 493, 494, 496, 497, 500, 501, 502, 504, 506, 507, 508, 510, 513, 514, 515, 516, 517, 518, 519, 522, 525, 526, 528, 529, 530, 533, 534, 535, 538, 539, 540, 544, 545, 546, 549, 550, 551, 552, 553, 559, 560, 561, 562, 564, 565, 566, 567, 568, 569, 572, 573, 576, 577, 579, 587, 593, 598, 607, 609, 613, 617, 619, 620, 621, 623, 625, 626, 627, 628, 629, 630, 631, 632, 635, 636, 637, 639, 641, 643, 644, 653, 655, 656, 657, 658, 660, 661, 662, 663, 665, 666, 667, 676, 677, 678, 679, 680, 683, 684, 685, 686, 687, 688, 689, 690, 691, 692, 694, 695, 697, 698, 699, 700, 702, 703], "excluded_lines": [], "start_line": 427}, "": {"executed_lines": [16, 18, 19, 20, 21, 22, 23, 24, 25, 26, 27, 29, 32, 33, 34, 35, 36, 38, 39, 40, 41, 42, 45, 46, 47, 48, 51, 52, 55, 65, 70, 75, 78, 81, 110, 117, 131, 157, 160, 193, 219, 232, 243, 256, 265, 279, 317, 336, 344, 373, 427, 706], "summary": {"covered_lines": 52, "num_statements": 53, "percent_covered": 98.11320754716981, "percent_covered_display": "98", "missing_lines": 1, "excluded_lines": 0, "percent_statements_covered": 98.11320754716981, "percent_statements_covered_display": "98"}, "missing_lines": [707], "excluded_lines": [], "start_line": 1}}, "classes": {"": {"executed_lines": [16, 18, 19, 20, 21, 22, 23, 24, 25, 26, 27, 29, 32, 33, 34, 35, 36, 38, 39, 40, 41, 42, 45, 46, 47, 48, 51, 52, 55, 65, 70, 75, 78, 81, 92, 93, 95, 96, 97, 98, 99, 100, 101, 102, 103, 104, 105, 106, 110, 117, 131, 157, 160, 193, 207, 208, 209, 210, 211, 212, 213, 214, 215, 219, 232, 243, 256, 265, 279, 317, 336, 338, 339, 340, 341, 344, 353, 354, 355, 357, 358, 359, 360, 361, 362, 364, 365, 367, 368, 369, 373, 427, 706], "summary": {"covered_lines": 93, "num_statements": 359, "percent_covered": 25.905292479108635, "percent_covered_display": "26", "missing_lines": 266, "excluded_lines": 0, "percent_statements_covered": 25.905292479108635, "percent_statements_covered_display": "26"}, "missing_lines": [56, 57, 58, 59, 60, 61, 62, 66, 119, 120, 121, 122, 123, 124, 125, 126, 127, 128, 137, 138, 140, 141, 142, 143, 144, 145, 147, 148, 150, 151, 152, 153, 162, 163, 164, 165, 166, 167, 168, 169, 170, 171, 172, 173, 174, 175, 176, 179, 180, 181, 182, 221, 234, 246, 258, 268, 282, 284, 289, 290, 291, 292, 294, 295, 310, 311, 312, 313, 318, 319, 320, 321, 322, 329, 330, 331, 332, 377, 378, 380, 381, 384, 385, 387, 390, 396, 397, 398, 399, 400, 401, 402, 404, 405, 406, 407, 409, 410, 411, 412, 413, 418, 419, 421, 423, 428, 432, 433, 434, 436, 439, 440, 441, 442, 443, 444, 445, 446, 448, 449, 450, 451, 452, 453, 454, 455, 458, 460, 461, 464, 465, 466, 467, 468, 469, 470, 471, 472, 475, 476, 478, 479, 482, 483, 484, 485, 486, 487, 489, 492, 493, 494, 496, 497, 500, 501, 502, 504, 506, 507, 508, 510, 513, 514, 515, 516, 517, 518, 519, 522, 525, 526, 528, 529, 530, 533, 534, 535, 538, 539, 540, 544, 545, 546, 549, 550, 551, 552, 553, 559, 560, 561, 562, 564, 565, 566, 567, 568, 569, 572, 573, 576, 577, 579, 587, 593, 598, 607, 609, 613, 617, 619, 620, 621, 623, 625, 626, 627, 628, 629, 630, 631, 632, 635, 636, 637, 639, 641, 643, 644, 653, 655, 656, 657, 658, 660, 661, 662, 663, 665, 666, 667, 676, 677, 678, 679, 680, 683, 684, 685, 686, 687, 688, 689, 690, 691, 692, 694, 695, 697, 698, 699, 700, 702, 703, 707], "excluded_lines": [], "start_line": 1}}}, "src/openclaw/token_budget.py": {"executed_lines": [1, 3, 4, 5, 6, 7, 8, 9, 12, 13, 14, 15, 16, 17, 18, 21, 22, 23, 24, 25, 26, 27, 30, 31, 32, 33, 34, 41, 50, 51, 55, 58, 60, 61, 64, 78, 79, 81, 82, 96, 97, 98, 101, 102, 103, 104, 108, 111, 114, 115, 117, 118, 119, 122, 123, 124, 126, 127, 128, 129, 130, 131, 132, 135, 143, 144, 145], "summary": {"covered_lines": 67, "num_statements": 67, "percent_covered": 100.0, "percent_covered_display": "100", "missing_lines": 0, "excluded_lines": 0, "percent_statements_covered": 100.0, "percent_statements_covered_display": "100"}, "missing_lines": [], "excluded_lines": [], "functions": {"load_budget_policy": {"executed_lines": [31, 32, 33, 34, 41], "summary": {"covered_lines": 5, "num_statements": 5, "percent_covered": 100.0, "percent_covered_display": "100", "missing_lines": 0, "excluded_lines": 0, "percent_statements_covered": 100.0, "percent_statements_covered_display": "100"}, "missing_lines": [], "excluded_lines": [], "start_line": 30}, "_table_exists": {"executed_lines": [51, 55], "summary": {"covered_lines": 2, "num_statements": 2, "percent_covered": 100.0, "percent_covered_display": "100", "missing_lines": 0, "excluded_lines": 0, "percent_statements_covered": 100.0, "percent_statements_covered_display": "100"}, "missing_lines": [], "excluded_lines": [], "start_line": 50}, "_month_key": {"executed_lines": [60, 61], "summary": {"covered_lines": 2, "num_statements": 2, "percent_covered": 100.0, "percent_covered_display": "100", "missing_lines": 0, "excluded_lines": 0, "percent_statements_covered": 100.0, "percent_statements_covered_display": "100"}, "missing_lines": [], "excluded_lines": [], "start_line": 58}, "record_token_usage": {"executed_lines": [78, 79, 81, 82], "summary": {"covered_lines": 4, "num_statements": 4, "percent_covered": 100.0, "percent_covered_display": "100", "missing_lines": 0, "excluded_lines": 0, "percent_statements_covered": 100.0, "percent_statements_covered_display": "100"}, "missing_lines": [], "excluded_lines": [], "start_line": 64}, "get_monthly_cost": {"executed_lines": [97, 98, 101, 102, 103, 104, 108], "summary": {"covered_lines": 7, "num_statements": 7, "percent_covered": 100.0, "percent_covered_display": "100", "missing_lines": 0, "excluded_lines": 0, "percent_statements_covered": 100.0, "percent_statements_covered_display": "100"}, "missing_lines": [], "excluded_lines": [], "start_line": 96}, "evaluate_budget": {"executed_lines": [114, 115, 117, 118, 119, 122, 123, 124, 126, 127, 128, 129, 130, 131, 132], "summary": {"covered_lines": 15, "num_statements": 15, "percent_covered": 100.0, "percent_covered_display": "100", "missing_lines": 0, "excluded_lines": 0, "percent_statements_covered": 100.0, "percent_statements_covered_display": "100"}, "missing_lines": [], "excluded_lines": [], "start_line": 111}, "emit_budget_event": {"executed_lines": [143, 144, 145], "summary": {"covered_lines": 3, "num_statements": 3, "percent_covered": 100.0, "percent_covered_display": "100", "missing_lines": 0, "excluded_lines": 0, "percent_statements_covered": 100.0, "percent_statements_covered_display": "100"}, "missing_lines": [], "excluded_lines": [], "start_line": 135}, "": {"executed_lines": [1, 3, 4, 5, 6, 7, 8, 9, 12, 13, 14, 15, 16, 17, 18, 21, 22, 23, 24, 25, 26, 27, 30, 50, 58, 64, 96, 111, 135], "summary": {"covered_lines": 29, "num_statements": 29, "percent_covered": 100.0, "percent_covered_display": "100", "missing_lines": 0, "excluded_lines": 0, "percent_statements_covered": 100.0, "percent_statements_covered_display": "100"}, "missing_lines": [], "excluded_lines": [], "start_line": 1}}, "classes": {"BudgetTier": {"executed_lines": [], "summary": {"covered_lines": 0, "num_statements": 0, "percent_covered": 100.0, "percent_covered_display": "100", "missing_lines": 0, "excluded_lines": 0, "percent_statements_covered": 100.0, "percent_statements_covered_display": "100"}, "missing_lines": [], "excluded_lines": [], "start_line": 13}, "BudgetPolicy": {"executed_lines": [], "summary": {"covered_lines": 0, "num_statements": 0, "percent_covered": 100.0, "percent_covered_display": "100", "missing_lines": 0, "excluded_lines": 0, "percent_statements_covered": 100.0, "percent_statements_covered_display": "100"}, "missing_lines": [], "excluded_lines": [], "start_line": 22}, "": {"executed_lines": [1, 3, 4, 5, 6, 7, 8, 9, 12, 13, 14, 15, 16, 17, 18, 21, 22, 23, 24, 25, 26, 27, 30, 31, 32, 33, 34, 41, 50, 51, 55, 58, 60, 61, 64, 78, 79, 81, 82, 96, 97, 98, 101, 102, 103, 104, 108, 111, 114, 115, 117, 118, 119, 122, 123, 124, 126, 127, 128, 129, 130, 131, 132, 135, 143, 144, 145], "summary": {"covered_lines": 67, "num_statements": 67, "percent_covered": 100.0, "percent_covered_display": "100", "missing_lines": 0, "excluded_lines": 0, "percent_statements_covered": 100.0, "percent_statements_covered_display": "100"}, "missing_lines": [], "excluded_lines": [], "start_line": 1}}}, "src/openclaw/trading_calendar.py": {"executed_lines": [1, 3, 4, 5, 6, 7, 8, 11, 12, 13, 14, 17, 18, 19, 20, 21, 22, 23, 26, 27, 30, 33, 49, 50, 51, 74, 77, 78, 79, 81, 82, 83, 92, 94, 95, 96, 105, 114, 118, 125, 127, 128, 137, 138, 147, 148, 158, 161, 164, 165, 166, 176, 177, 178, 179, 180, 181, 182, 183, 184, 185, 186, 195, 198, 207, 208, 210, 211, 212, 214, 215, 216, 219, 220, 221, 223, 224, 227, 228, 229, 230, 232], "summary": {"covered_lines": 82, "num_statements": 82, "percent_covered": 100.0, "percent_covered_display": "100", "missing_lines": 0, "excluded_lines": 0, "percent_statements_covered": 100.0, "percent_statements_covered_display": "100"}, "missing_lines": [], "excluded_lines": [], "functions": {"_parse_date": {"executed_lines": [27], "summary": {"covered_lines": 1, "num_statements": 1, "percent_covered": 100.0, "percent_covered_display": "100", "missing_lines": 0, "excluded_lines": 0, "percent_statements_covered": 100.0, "percent_statements_covered_display": "100"}, "missing_lines": [], "excluded_lines": [], "start_line": 26}, "ensure_schema": {"executed_lines": [33], "summary": {"covered_lines": 1, "num_statements": 1, "percent_covered": 100.0, "percent_covered_display": "100", "missing_lines": 0, "excluded_lines": 0, "percent_statements_covered": 100.0, "percent_statements_covered_display": "100"}, "missing_lines": [], "excluded_lines": [], "start_line": 30}, "upsert_calendar_events": {"executed_lines": [50, 51, 74], "summary": {"covered_lines": 3, "num_statements": 3, "percent_covered": 100.0, "percent_covered_display": "100", "missing_lines": 0, "excluded_lines": 0, "percent_statements_covered": 100.0, "percent_statements_covered_display": "100"}, "missing_lines": [], "excluded_lines": [], "start_line": 49}, "_rule_quarter_end": {"executed_lines": [78, 79, 81, 82, 83], "summary": {"covered_lines": 5, "num_statements": 5, "percent_covered": 100.0, "percent_covered_display": "100", "missing_lines": 0, "excluded_lines": 0, "percent_statements_covered": 100.0, "percent_statements_covered_display": "100"}, "missing_lines": [], "excluded_lines": [], "start_line": 77}, "_rule_window_dressing": {"executed_lines": [94, 95, 96], "summary": {"covered_lines": 3, "num_statements": 3, "percent_covered": 100.0, "percent_covered_display": "100", "missing_lines": 0, "excluded_lines": 0, "percent_statements_covered": 100.0, "percent_statements_covered_display": "100"}, "missing_lines": [], "excluded_lines": [], "start_line": 92}, "_default_festival_events_for_year": {"executed_lines": [114, 118, 125, 127, 128, 137, 138, 147, 148, 158], "summary": {"covered_lines": 10, "num_statements": 10, "percent_covered": 100.0, "percent_covered_display": "100", "missing_lines": 0, "excluded_lines": 0, "percent_statements_covered": 100.0, "percent_statements_covered_display": "100"}, "missing_lines": [], "excluded_lines": [], "start_line": 105}, "list_events_for_date": {"executed_lines": [164, 165, 166, 176, 177, 178, 179, 180, 181, 182, 183, 184, 185, 186, 195], "summary": {"covered_lines": 15, "num_statements": 15, "percent_covered": 100.0, "percent_covered_display": "100", "missing_lines": 0, "excluded_lines": 0, "percent_statements_covered": 100.0, "percent_statements_covered_display": "100"}, "missing_lines": [], "excluded_lines": [], "start_line": 161}, "get_effects_for_date": {"executed_lines": [207, 208, 210, 211, 212, 214, 215, 216, 219, 220, 221, 223, 224, 227, 228, 229, 230, 232], "summary": {"covered_lines": 18, "num_statements": 18, "percent_covered": 100.0, "percent_covered_display": "100", "missing_lines": 0, "excluded_lines": 0, "percent_statements_covered": 100.0, "percent_statements_covered_display": "100"}, "missing_lines": [], "excluded_lines": [], "start_line": 198}, "": {"executed_lines": [1, 3, 4, 5, 6, 7, 8, 11, 12, 13, 14, 17, 18, 19, 20, 21, 22, 23, 26, 30, 49, 77, 92, 105, 161, 198], "summary": {"covered_lines": 26, "num_statements": 26, "percent_covered": 100.0, "percent_covered_display": "100", "missing_lines": 0, "excluded_lines": 0, "percent_statements_covered": 100.0, "percent_statements_covered_display": "100"}, "missing_lines": [], "excluded_lines": [], "start_line": 1}}, "classes": {"SeasonalEffectType": {"executed_lines": [], "summary": {"covered_lines": 0, "num_statements": 0, "percent_covered": 100.0, "percent_covered_display": "100", "missing_lines": 0, "excluded_lines": 0, "percent_statements_covered": 100.0, "percent_statements_covered_display": "100"}, "missing_lines": [], "excluded_lines": [], "start_line": 11}, "SeasonalEffect": {"executed_lines": [], "summary": {"covered_lines": 0, "num_statements": 0, "percent_covered": 100.0, "percent_covered_display": "100", "missing_lines": 0, "excluded_lines": 0, "percent_statements_covered": 100.0, "percent_statements_covered_display": "100"}, "missing_lines": [], "excluded_lines": [], "start_line": 18}, "": {"executed_lines": [1, 3, 4, 5, 6, 7, 8, 11, 12, 13, 14, 17, 18, 19, 20, 21, 22, 23, 26, 27, 30, 33, 49, 50, 51, 74, 77, 78, 79, 81, 82, 83, 92, 94, 95, 96, 105, 114, 118, 125, 127, 128, 137, 138, 147, 148, 158, 161, 164, 165, 166, 176, 177, 178, 179, 180, 181, 182, 183, 184, 185, 186, 195, 198, 207, 208, 210, 211, 212, 214, 215, 216, 219, 220, 221, 223, 224, 227, 228, 229, 230, 232], "summary": {"covered_lines": 82, "num_statements": 82, "percent_covered": 100.0, "percent_covered_display": "100", "missing_lines": 0, "excluded_lines": 0, "percent_statements_covered": 100.0, "percent_statements_covered_display": "100"}, "missing_lines": [], "excluded_lines": [], "start_line": 1}}}, "src/openclaw/tw_session_rules.py": {"executed_lines": [1, 3, 4, 5, 6, 7, 8, 10, 13, 26, 27, 28, 29, 32, 33, 34, 37, 38, 39, 41, 42, 44, 70, 71, 72, 73, 74, 75, 78, 79, 80, 83, 86, 87, 89, 90, 91, 92, 93, 94, 95, 98, 105, 106, 107, 108, 109, 111, 112, 113, 115, 116, 117, 118, 119, 120, 121, 122, 123, 124, 125, 127, 128, 129, 131, 132, 134, 135, 143, 156, 157, 159, 160, 161, 162, 163, 165, 166, 167, 168, 170, 172, 173, 174, 175, 176, 177, 178, 180, 183, 184, 187, 190], "summary": {"covered_lines": 93, "num_statements": 93, "percent_covered": 100.0, "percent_covered_display": "100", "missing_lines": 0, "excluded_lines": 0, "percent_statements_covered": 100.0, "percent_statements_covered_display": "100"}, "missing_lines": [], "excluded_lines": [], "functions": {"TWSessionConfig.default": {"executed_lines": [44], "summary": {"covered_lines": 1, "num_statements": 1, "percent_covered": 100.0, "percent_covered_display": "100", "missing_lines": 0, "excluded_lines": 0, "percent_statements_covered": 100.0, "percent_statements_covered_display": "100"}, "missing_lines": [], "excluded_lines": [], "start_line": 42}, "_to_local_time_of_day": {"executed_lines": [79, 80], "summary": {"covered_lines": 2, "num_statements": 2, "percent_covered": 100.0, "percent_covered_display": "100", "missing_lines": 0, "excluded_lines": 0, "percent_statements_covered": 100.0, "percent_statements_covered_display": "100"}, "missing_lines": [], "excluded_lines": [], "start_line": 78}, "get_tw_trading_phase": {"executed_lines": [86, 87, 89, 90, 91, 92, 93, 94, 95], "summary": {"covered_lines": 9, "num_statements": 9, "percent_covered": 100.0, "percent_covered_display": "100", "missing_lines": 0, "excluded_lines": 0, "percent_statements_covered": 100.0, "percent_statements_covered_display": "100"}, "missing_lines": [], "excluded_lines": [], "start_line": 83}, "_load_sentinel_tw_session_config": {"executed_lines": [105, 106, 107, 108, 109, 111, 112, 113, 115, 127, 128, 129, 131, 132, 134, 135], "summary": {"covered_lines": 16, "num_statements": 16, "percent_covered": 100.0, "percent_covered_display": "100", "missing_lines": 0, "excluded_lines": 0, "percent_statements_covered": 100.0, "percent_statements_covered_display": "100"}, "missing_lines": [], "excluded_lines": [], "start_line": 98}, "_load_sentinel_tw_session_config._mp": {"executed_lines": [116, 117, 118, 119, 120, 121, 122, 123, 124, 125], "summary": {"covered_lines": 10, "num_statements": 10, "percent_covered": 100.0, "percent_covered_display": "100", "missing_lines": 0, "excluded_lines": 0, "percent_statements_covered": 100.0, "percent_statements_covered_display": "100"}, "missing_lines": [], "excluded_lines": [], "start_line": 115}, "apply_tw_session_risk_adjustments": {"executed_lines": [156, 157, 159, 160, 161, 162, 163, 165, 166, 167, 168, 170, 172, 173, 174, 175, 176, 177, 178, 180, 183, 184], "summary": {"covered_lines": 22, "num_statements": 22, "percent_covered": 100.0, "percent_covered_display": "100", "missing_lines": 0, "excluded_lines": 0, "percent_statements_covered": 100.0, "percent_statements_covered_display": "100"}, "missing_lines": [], "excluded_lines": [], "start_line": 143}, "tw_session_allows_trading": {"executed_lines": [190], "summary": {"covered_lines": 1, "num_statements": 1, "percent_covered": 100.0, "percent_covered_display": "100", "missing_lines": 0, "excluded_lines": 0, "percent_statements_covered": 100.0, "percent_statements_covered_display": "100"}, "missing_lines": [], "excluded_lines": [], "start_line": 187}, "": {"executed_lines": [1, 3, 4, 5, 6, 7, 8, 10, 13, 26, 27, 28, 29, 32, 33, 34, 37, 38, 39, 41, 42, 70, 71, 72, 73, 74, 75, 78, 83, 98, 143, 187], "summary": {"covered_lines": 32, "num_statements": 32, "percent_covered": 100.0, "percent_covered_display": "100", "missing_lines": 0, "excluded_lines": 0, "percent_statements_covered": 100.0, "percent_statements_covered_display": "100"}, "missing_lines": [], "excluded_lines": [], "start_line": 1}}, "classes": {"TWTradingPhase": {"executed_lines": [], "summary": {"covered_lines": 0, "num_statements": 0, "percent_covered": 100.0, "percent_covered_display": "100", "missing_lines": 0, "excluded_lines": 0, "percent_statements_covered": 100.0, "percent_statements_covered_display": "100"}, "missing_lines": [], "excluded_lines": [], "start_line": 13}, "TWSessionConfig": {"executed_lines": [44], "summary": {"covered_lines": 1, "num_statements": 1, "percent_covered": 100.0, "percent_covered_display": "100", "missing_lines": 0, "excluded_lines": 0, "percent_statements_covered": 100.0, "percent_statements_covered_display": "100"}, "missing_lines": [], "excluded_lines": [], "start_line": 33}, "": {"executed_lines": [1, 3, 4, 5, 6, 7, 8, 10, 13, 26, 27, 28, 29, 32, 33, 34, 37, 38, 39, 41, 42, 70, 71, 72, 73, 74, 75, 78, 79, 80, 83, 86, 87, 89, 90, 91, 92, 93, 94, 95, 98, 105, 106, 107, 108, 109, 111, 112, 113, 115, 116, 117, 118, 119, 120, 121, 122, 123, 124, 125, 127, 128, 129, 131, 132, 134, 135, 143, 156, 157, 159, 160, 161, 162, 163, 165, 166, 167, 168, 170, 172, 173, 174, 175, 176, 177, 178, 180, 183, 184, 187, 190], "summary": {"covered_lines": 92, "num_statements": 92, "percent_covered": 100.0, "percent_covered_display": "100", "missing_lines": 0, "excluded_lines": 0, "percent_statements_covered": 100.0, "percent_statements_covered_display": "100"}, "missing_lines": [], "excluded_lines": [], "start_line": 1}}}}, "totals": {"covered_lines": 3896, "num_statements": 5232, "percent_covered": 74.46483180428135, "percent_covered_display": "74", "missing_lines": 1336, "excluded_lines": 33, "percent_statements_covered": 74.46483180428135, "percent_statements_covered_display": "74"}}